{"numTotalTestSuites":8,"numPassedTestSuites":5,"numFailedTestSuites":3,"numPendingTestSuites":0,"numTotalTests":32,"numPassedTests":0,"numFailedTests":1,"numPendingTests":31,"numTodoTests":0,"snapshot":{"added":0,"failure":false,"filesAdded":0,"filesRemoved":0,"filesRemovedList":[],"filesUnmatched":0,"filesUpdated":0,"matched":0,"total":0,"unchecked":0,"uncheckedKeysByFile":[],"unmatched":0,"updated":0,"didUpdate":false},"startTime":1773834163040,"success":false,"testResults":[{"assertionResults":[{"ancestorTitles":["CloudArchive","getProvider"],"fullName":"CloudArchive getProvider should return \"local\" as default provider","status":"skipped","title":"should return \"local\" as default provider","failureMessages":[],"meta":{}},{"ancestorTitles":["CloudArchive","getProvider"],"fullName":"CloudArchive getProvider should return stored provider from localStorage","status":"skipped","title":"should return stored provider from localStorage","failureMessages":[],"meta":{}},{"ancestorTitles":["CloudArchive","Recipe Management"],"fullName":"CloudArchive Recipe Management should get recipes from localStorage","status":"skipped","title":"should get recipes from localStorage","failureMessages":[],"meta":{}},{"ancestorTitles":["CloudArchive","Recipe Management"],"fullName":"CloudArchive Recipe Management should return default recipes if localStorage is empty","status":"skipped","title":"should return default recipes if localStorage is empty","failureMessages":[],"meta":{}},{"ancestorTitles":["CloudArchive","Recipe Management"],"fullName":"CloudArchive Recipe Management should recover from invalid recipes JSON in localStorage","status":"skipped","title":"should recover from invalid recipes JSON in localStorage","failureMessages":[],"meta":{}},{"ancestorTitles":["CloudArchive","Recipe Management"],"fullName":"CloudArchive Recipe Management should migrate external recipe image URLs to local category fallbacks","status":"skipped","title":"should migrate external recipe image URLs to local category fallbacks","failureMessages":[],"meta":{}},{"ancestorTitles":["CloudArchive","Recipe Management"],"fullName":"CloudArchive Recipe Management should upsert a new recipe","status":"skipped","title":"should upsert a new recipe","failureMessages":[],"meta":{}},{"ancestorTitles":["CloudArchive","Recipe Management"],"fullName":"CloudArchive Recipe Management should update an existing recipe","status":"skipped","title":"should update an existing recipe","failureMessages":[],"meta":{}},{"ancestorTitles":["CloudArchive","Recipe Management"],"fullName":"CloudArchive Recipe Management should delete a recipe","status":"skipped","title":"should delete a recipe","failureMessages":[],"meta":{}},{"ancestorTitles":["CloudArchive","Trivia Management"],"fullName":"CloudArchive Trivia Management should get trivia from localStorage","status":"skipped","title":"should get trivia from localStorage","failureMessages":[],"meta":{}},{"ancestorTitles":["CloudArchive","Trivia Management"],"fullName":"CloudArchive Trivia Management should return empty array if no trivia exists","status":"skipped","title":"should return empty array if no trivia exists","failureMessages":[],"meta":{}},{"ancestorTitles":["CloudArchive","Trivia Management"],"fullName":"CloudArchive Trivia Management should upsert trivia","status":"skipped","title":"should upsert trivia","failureMessages":[],"meta":{}},{"ancestorTitles":["CloudArchive","Trivia Management"],"fullName":"CloudArchive Trivia Management should delete trivia","status":"skipped","title":"should delete trivia","failureMessages":[],"meta":{}},{"ancestorTitles":["CloudArchive","Gallery Management"],"fullName":"CloudArchive Gallery Management should get gallery items from localStorage","status":"skipped","title":"should get gallery items from localStorage","failureMessages":[],"meta":{}},{"ancestorTitles":["CloudArchive","Gallery Management"],"fullName":"CloudArchive Gallery Management should return empty array if no gallery items exist","status":"skipped","title":"should return empty array if no gallery items exist","failureMessages":[],"meta":{}},{"ancestorTitles":["CloudArchive","Gallery Management"],"fullName":"CloudArchive Gallery Management should upsert gallery item","status":"skipped","title":"should upsert gallery item","failureMessages":[],"meta":{}},{"ancestorTitles":["CloudArchive","Gallery Management"],"fullName":"CloudArchive Gallery Management should delete gallery item","status":"skipped","title":"should delete gallery item","failureMessages":[],"meta":{}},{"ancestorTitles":["CloudArchive","History Management"],"fullName":"CloudArchive History Management should add history entry","status":"skipped","title":"should add history entry","failureMessages":[],"meta":{}},{"ancestorTitles":["CloudArchive","History Management"],"fullName":"CloudArchive History Management should get recipes from default seed when localStorage is empty","status":"skipped","title":"should get recipes from default seed when localStorage is empty","failureMessages":[],"meta":{}},{"ancestorTitles":["CloudArchive","History Management"],"fullName":"CloudArchive History Management should limit history to 100 entries","status":"skipped","title":"should limit history to 100 entries","failureMessages":[],"meta":{}},{"ancestorTitles":["CloudArchive","Firebase Provider Operations"],"fullName":"CloudArchive Firebase Provider Operations should initialize firebase and return app instance","status":"skipped","title":"should initialize firebase and return app instance","failureMessages":[],"meta":{}},{"ancestorTitles":["CloudArchive","Firebase Provider Operations"],"fullName":"CloudArchive Firebase Provider Operations should fail gracefully if config is invalid","status":"skipped","title":"should fail gracefully if config is invalid","failureMessages":[],"meta":{}},{"ancestorTitles":["CloudArchive","Firebase Provider Operations"],"fullName":"CloudArchive Firebase Provider Operations should call setDoc when upserting recipe in firebase mode","status":"skipped","title":"should call setDoc when upserting recipe in firebase mode","failureMessages":[],"meta":{}},{"ancestorTitles":["CloudArchive","Firebase Provider Operations"],"fullName":"CloudArchive Firebase Provider Operations should call deleteDoc when deleting recipe in firebase mode","status":"skipped","title":"should call deleteDoc when deleting recipe in firebase mode","failureMessages":[],"meta":{}},{"ancestorTitles":["CloudArchive","Firebase Provider Operations"],"fullName":"CloudArchive Firebase Provider Operations should handle trivia in firebase mode","status":"skipped","title":"should handle trivia in firebase mode","failureMessages":[],"meta":{}},{"ancestorTitles":["CloudArchive","Firebase Provider Operations"],"fullName":"CloudArchive Firebase Provider Operations should handle gallery items in firebase mode","status":"skipped","title":"should handle gallery items in firebase mode","failureMessages":[],"meta":{}},{"ancestorTitles":["CloudArchive","Firebase Provider Operations"],"fullName":"CloudArchive Firebase Provider Operations should call generic onSnapshot for subscriptions","status":"failed","title":"should call generic onSnapshot for subscriptions","duration":4.732399999999984,"failureMessages":["TypeError: snapshot.data is not a function\n    at C:/Users/kyle/Downloads/SchaferFamilyCookbook/src/services/db.ts:114:35\n    at C:/Users/kyle/Downloads/SchaferFamilyCookbook/src/test/setup.ts:28:9\n    at Mock (file:///C:/Users/kyle/Downloads/SchaferFamilyCookbook/node_modules/@vitest/spy/dist/index.js:285:34)\n    at Object.subscribeArchivePhone (C:/Users/kyle/Downloads/SchaferFamilyCookbook/src/services/db.ts:113:16)\n    at C:/Users/kyle/Downloads/SchaferFamilyCookbook/src/services/db.test.ts:267:26\n    at processTicksAndRejections (node:internal/process/task_queues:103:5)\n    at file:///C:/Users/kyle/Downloads/SchaferFamilyCookbook/node_modules/@vitest/runner/dist/index.js:915:20"],"meta":{}},{"ancestorTitles":["CloudArchive","Firebase Provider Operations"],"fullName":"CloudArchive Firebase Provider Operations should update archive phone in firebase mode","status":"skipped","title":"should update archive phone in firebase mode","failureMessages":[],"meta":{}},{"ancestorTitles":["CloudArchive","Firebase Provider Operations"],"fullName":"CloudArchive Firebase Provider Operations should update contributors in firebase mode","status":"skipped","title":"should update contributors in firebase mode","failureMessages":[],"meta":{}},{"ancestorTitles":["CloudArchive","Firebase Provider Operations"],"fullName":"CloudArchive Firebase Provider Operations should get correct download URL when uploading file in firebase mode","status":"skipped","title":"should get correct download URL when uploading file in firebase mode","failureMessages":[],"meta":{}},{"ancestorTitles":["CloudArchive","Firebase Provider Operations"],"fullName":"CloudArchive Firebase Provider Operations should return base64 when uploading file in local mode","status":"skipped","title":"should return base64 when uploading file in local mode","failureMessages":[],"meta":{}},{"ancestorTitles":["CloudArchive","Firebase Provider Operations"],"fullName":"CloudArchive Firebase Provider Operations should handle bulk upload failures gracefully","status":"skipped","title":"should handle bulk upload failures gracefully","failureMessages":[],"meta":{}}],"startTime":1773834163994,"endTime":1773834163998.7324,"status":"failed","message":"","name":"C:/Users/kyle/Downloads/SchaferFamilyCookbook/src/services/db.test.ts"}]}
