{"C:\\Users\\kyle\\Downloads\\SchaferFamilyCookbook\\src\\App.tsx": {"path":"C:\\Users\\kyle\\Downloads\\SchaferFamilyCookbook\\src\\App.tsx","statementMap":{"0":{"start":{"line":16,"column":22},"end":{"line":567,"column":null}},"1":{"start":{"line":17,"column":22},"end":{"line":17,"column":null}},"2":{"start":{"line":18,"column":30},"end":{"line":18,"column":null}},"3":{"start":{"line":19,"column":30},"end":{"line":19,"column":null}},"4":{"start":{"line":20,"column":28},"end":{"line":20,"column":null}},"5":{"start":{"line":21,"column":40},"end":{"line":21,"column":null}},"6":{"start":{"line":22,"column":30},"end":{"line":22,"column":null}},"7":{"start":{"line":23,"column":44},"end":{"line":23,"column":null}},"8":{"start":{"line":24,"column":42},"end":{"line":24,"column":null}},"9":{"start":{"line":25,"column":38},"end":{"line":41,"column":null}},"10":{"start":{"line":26,"column":18},"end":{"line":26,"column":null}},"11":{"start":{"line":27,"column":8},"end":{"line":27,"column":null}},"12":{"start":{"line":27,"column":16},"end":{"line":27,"column":null}},"13":{"start":{"line":28,"column":8},"end":{"line":40,"column":null}},"14":{"start":{"line":29,"column":22},"end":{"line":29,"column":null}},"15":{"start":{"line":31,"column":12},"end":{"line":35,"column":null}},"16":{"start":{"line":32,"column":16},"end":{"line":32,"column":null}},"17":{"start":{"line":33,"column":12},"end":{"line":35,"column":null}},"18":{"start":{"line":34,"column":16},"end":{"line":34,"column":null}},"19":{"start":{"line":36,"column":12},"end":{"line":36,"column":null}},"20":{"start":{"line":37,"column":12},"end":{"line":37,"column":null}},"21":{"start":{"line":39,"column":12},"end":{"line":39,"column":null}},"22":{"start":{"line":43,"column":25},"end":{"line":47,"column":null}},"23":{"start":{"line":44,"column":8},"end":{"line":44,"column":null}},"24":{"start":{"line":45,"column":8},"end":{"line":45,"column":null}},"25":{"start":{"line":46,"column":8},"end":{"line":46,"column":null}},"26":{"start":{"line":49,"column":30},"end":{"line":53,"column":null}},"27":{"start":{"line":55,"column":40},"end":{"line":55,"column":null}},"28":{"start":{"line":55,"column":59},"end":{"line":55,"column":110}},"29":{"start":{"line":57,"column":34},"end":{"line":57,"column":null}},"30":{"start":{"line":60,"column":40},"end":{"line":60,"column":null}},"31":{"start":{"line":61,"column":10},"end":{"line":61,"column":null}},"32":{"start":{"line":63,"column":26},"end":{"line":69,"column":null}},"33":{"start":{"line":64,"column":8},"end":{"line":64,"column":null}},"34":{"start":{"line":65,"column":8},"end":{"line":68,"column":null}},"35":{"start":{"line":66,"column":12},"end":{"line":66,"column":null}},"36":{"start":{"line":67,"column":12},"end":{"line":67,"column":null}},"37":{"start":{"line":71,"column":35},"end":{"line":76,"column":null}},"38":{"start":{"line":72,"column":8},"end":{"line":74,"column":null}},"39":{"start":{"line":73,"column":12},"end":{"line":73,"column":null}},"40":{"start":{"line":75,"column":8},"end":{"line":75,"column":null}},"41":{"start":{"line":79,"column":28},"end":{"line":79,"column":null}},"42":{"start":{"line":80,"column":32},"end":{"line":80,"column":null}},"43":{"start":{"line":81,"column":38},"end":{"line":81,"column":null}},"44":{"start":{"line":83,"column":30},"end":{"line":99,"column":null}},"45":{"start":{"line":84,"column":25},"end":{"line":84,"column":null}},"46":{"start":{"line":85,"column":8},"end":{"line":98,"column":null}},"47":{"start":{"line":86,"column":36},"end":{"line":92,"column":null}},"48":{"start":{"line":93,"column":12},"end":{"line":93,"column":null}},"49":{"start":{"line":94,"column":12},"end":{"line":94,"column":null}},"50":{"start":{"line":95,"column":12},"end":{"line":95,"column":null}},"51":{"start":{"line":96,"column":12},"end":{"line":96,"column":null}},"52":{"start":{"line":97,"column":12},"end":{"line":97,"column":null}},"53":{"start":{"line":102,"column":4},"end":{"line":125,"column":null}},"54":{"start":{"line":103,"column":25},"end":{"line":103,"column":null}},"55":{"start":{"line":104,"column":8},"end":{"line":117,"column":null}},"56":{"start":{"line":105,"column":12},"end":{"line":115,"column":null}},"57":{"start":{"line":107,"column":16},"end":{"line":114,"column":null}},"58":{"start":{"line":108,"column":20},"end":{"line":113,"column":null}},"59":{"start":{"line":109,"column":24},"end":{"line":112,"column":null}},"60":{"start":{"line":110,"column":28},"end":{"line":111,"column":null}},"61":{"start":{"line":110,"column":61},"end":{"line":110,"column":96}},"62":{"start":{"line":116,"column":12},"end":{"line":116,"column":null}},"63":{"start":{"line":119,"column":23},"end":{"line":119,"column":null}},"64":{"start":{"line":120,"column":23},"end":{"line":120,"column":null}},"65":{"start":{"line":121,"column":23},"end":{"line":121,"column":null}},"66":{"start":{"line":122,"column":23},"end":{"line":122,"column":null}},"67":{"start":{"line":123,"column":23},"end":{"line":123,"column":null}},"68":{"start":{"line":124,"column":8},"end":{"line":124,"column":null}},"69":{"start":{"line":124,"column":23},"end":{"line":124,"column":33}},"70":{"start":{"line":124,"column":33},"end":{"line":124,"column":43}},"71":{"start":{"line":124,"column":43},"end":{"line":124,"column":53}},"72":{"start":{"line":124,"column":53},"end":{"line":124,"column":63}},"73":{"start":{"line":124,"column":63},"end":{"line":124,"column":73}},"74":{"start":{"line":127,"column":4},"end":{"line":129,"column":null}},"75":{"start":{"line":128,"column":8},"end":{"line":128,"column":null}},"76":{"start":{"line":128,"column":28},"end":{"line":128,"column":127}},"77":{"start":{"line":131,"column":30},"end":{"line":152,"column":null}},"78":{"start":{"line":132,"column":8},"end":{"line":132,"column":null}},"79":{"start":{"line":133,"column":8},"end":{"line":133,"column":null}},"80":{"start":{"line":133,"column":31},"end":{"line":133,"column":null}},"81":{"start":{"line":136,"column":21},"end":{"line":136,"column":null}},"82":{"start":{"line":137,"column":25},"end":{"line":137,"column":null}},"83":{"start":{"line":137,"column":48},"end":{"line":137,"column":91}},"84":{"start":{"line":140,"column":24},"end":{"line":140,"column":null}},"85":{"start":{"line":141,"column":22},"end":{"line":141,"column":null}},"86":{"start":{"line":143,"column":31},"end":{"line":149,"column":null}},"87":{"start":{"line":150,"column":8},"end":{"line":150,"column":null}},"88":{"start":{"line":151,"column":8},"end":{"line":151,"column":null}},"89":{"start":{"line":155,"column":22},"end":{"line":158,"column":null}},"90":{"start":{"line":156,"column":18},"end":{"line":156,"column":null}},"91":{"start":{"line":156,"column":41},"end":{"line":156,"column":56}},"92":{"start":{"line":157,"column":8},"end":{"line":157,"column":null}},"93":{"start":{"line":160,"column":10},"end":{"line":167,"column":null}},"94":{"start":{"line":161,"column":8},"end":{"line":166,"column":null}},"95":{"start":{"line":162,"column":27},"end":{"line":162,"column":null}},"96":{"start":{"line":163,"column":27},"end":{"line":163,"column":null}},"97":{"start":{"line":164,"column":27},"end":{"line":164,"column":null}},"98":{"start":{"line":165,"column":12},"end":{"line":165,"column":null}},"99":{"start":{"line":169,"column":31},"end":{"line":180,"column":null}},"100":{"start":{"line":170,"column":8},"end":{"line":170,"column":null}},"101":{"start":{"line":170,"column":26},"end":{"line":170,"column":null}},"102":{"start":{"line":171,"column":18},"end":{"line":171,"column":null}},"103":{"start":{"line":172,"column":8},"end":{"line":174,"column":null}},"104":{"start":{"line":173,"column":12},"end":{"line":173,"column":null}},"105":{"start":{"line":175,"column":8},"end":{"line":175,"column":null}},"106":{"start":{"line":176,"column":8},"end":{"line":176,"column":null}},"107":{"start":{"line":177,"column":8},"end":{"line":179,"column":null}},"108":{"start":{"line":178,"column":12},"end":{"line":178,"column":null}},"109":{"start":{"line":182,"column":30},"end":{"line":184,"column":null}},"110":{"start":{"line":183,"column":8},"end":{"line":183,"column":null}},"111":{"start":{"line":186,"column":4},"end":{"line":229,"column":null}},"112":{"start":{"line":187,"column":8},"end":{"line":227,"column":null}},"113":{"start":{"line":219,"column":47},"end":{"line":219,"column":null}},"114":{"start":{"line":232,"column":4},"end":{"line":285,"column":null}},"115":{"start":{"line":233,"column":8},"end":{"line":283,"column":null}},"116":{"start":{"line":254,"column":28},"end":{"line":279,"column":null}},"117":{"start":{"line":262,"column":63},"end":{"line":262,"column":null}},"118":{"start":{"line":263,"column":62},"end":{"line":263,"column":null}},"119":{"start":{"line":276,"column":63},"end":{"line":276,"column":104}},"120":{"start":{"line":288,"column":4},"end":{"line":306,"column":null}},"121":{"start":{"line":289,"column":8},"end":{"line":304,"column":null}},"122":{"start":{"line":296,"column":24},"end":{"line":296,"column":null}},"123":{"start":{"line":297,"column":24},"end":{"line":297,"column":null}},"124":{"start":{"line":300,"column":24},"end":{"line":300,"column":null}},"125":{"start":{"line":301,"column":24},"end":{"line":301,"column":null}},"126":{"start":{"line":308,"column":4},"end":{"line":565,"column":null}},"127":{"start":{"line":315,"column":35},"end":{"line":315,"column":null}},"128":{"start":{"line":351,"column":47},"end":{"line":351,"column":null}},"129":{"start":{"line":354,"column":235},"end":{"line":354,"column":null}},"130":{"start":{"line":356,"column":123},"end":{"line":356,"column":161}},"131":{"start":{"line":358,"column":238},"end":{"line":358,"column":null}},"132":{"start":{"line":360,"column":65},"end":{"line":360,"column":78}},"133":{"start":{"line":360,"column":91},"end":{"line":360,"column":129}},"134":{"start":{"line":367,"column":28},"end":{"line":438,"column":null}},"135":{"start":{"line":369,"column":47},"end":{"line":369,"column":null}},"136":{"start":{"line":381,"column":64},"end":{"line":381,"column":null}},"137":{"start":{"line":382,"column":44},"end":{"line":384,"column":null}},"138":{"start":{"line":383,"column":48},"end":{"line":383,"column":null}},"139":{"start":{"line":427,"column":44},"end":{"line":427,"column":null}},"140":{"start":{"line":428,"column":44},"end":{"line":428,"column":null}},"141":{"start":{"line":429,"column":44},"end":{"line":429,"column":null}},"142":{"start":{"line":430,"column":44},"end":{"line":430,"column":null}},"143":{"start":{"line":455,"column":133},"end":{"line":455,"column":152}},"144":{"start":{"line":455,"column":152},"end":{"line":455,"column":171}},"145":{"start":{"line":455,"column":171},"end":{"line":455,"column":194}},"146":{"start":{"line":460,"column":40},"end":{"line":460,"column":null}},"147":{"start":{"line":467,"column":36},"end":{"line":467,"column":null}},"148":{"start":{"line":468,"column":24},"end":{"line":468,"column":null}},"149":{"start":{"line":469,"column":24},"end":{"line":469,"column":null}},"150":{"start":{"line":472,"column":36},"end":{"line":472,"column":null}},"151":{"start":{"line":473,"column":24},"end":{"line":473,"column":null}},"152":{"start":{"line":474,"column":24},"end":{"line":474,"column":null}},"153":{"start":{"line":477,"column":24},"end":{"line":477,"column":null}},"154":{"start":{"line":478,"column":24},"end":{"line":478,"column":null}},"155":{"start":{"line":481,"column":24},"end":{"line":481,"column":null}},"156":{"start":{"line":482,"column":24},"end":{"line":482,"column":null}},"157":{"start":{"line":485,"column":24},"end":{"line":485,"column":null}},"158":{"start":{"line":486,"column":24},"end":{"line":486,"column":null}},"159":{"start":{"line":489,"column":24},"end":{"line":489,"column":null}},"160":{"start":{"line":491,"column":24},"end":{"line":495,"column":null}},"161":{"start":{"line":492,"column":48},"end":{"line":492,"column":null}},"162":{"start":{"line":493,"column":28},"end":{"line":493,"column":null}},"163":{"start":{"line":494,"column":28},"end":{"line":494,"column":null}},"164":{"start":{"line":496,"column":24},"end":{"line":496,"column":null}},"165":{"start":{"line":499,"column":24},"end":{"line":499,"column":null}},"166":{"start":{"line":500,"column":24},"end":{"line":500,"column":null}},"167":{"start":{"line":516,"column":50},"end":{"line":516,"column":68}},"168":{"start":{"line":517,"column":28},"end":{"line":523,"column":null}},"169":{"start":{"line":538,"column":53},"end":{"line":538,"column":87}},"170":{"start":{"line":539,"column":53},"end":{"line":539,"column":87}},"171":{"start":{"line":541,"column":41},"end":{"line":541,"column":null}},"172":{"start":{"line":541,"column":64},"end":{"line":541,"column":119}},"173":{"start":{"line":542,"column":48},"end":{"line":548,"column":null}},"174":{"start":{"line":550,"column":24},"end":{"line":550,"column":null}},"175":{"start":{"line":553,"column":44},"end":{"line":553,"column":null}},"176":{"start":{"line":554,"column":24},"end":{"line":554,"column":null}},"177":{"start":{"line":555,"column":24},"end":{"line":555,"column":null}},"178":{"start":{"line":557,"column":24},"end":{"line":557,"column":null}},"179":{"start":{"line":560,"column":24},"end":{"line":560,"column":null}},"180":{"start":{"line":561,"column":24},"end":{"line":561,"column":null}}},"fnMap":{"0":{"name":"(anonymous_0)","decl":{"start":{"line":16,"column":22},"end":{"line":16,"column":28}},"loc":{"start":{"line":16,"column":28},"end":{"line":567,"column":null}},"line":16},"1":{"name":"(anonymous_1)","decl":{"start":{"line":25,"column":71},"end":{"line":25,"column":77}},"loc":{"start":{"line":25,"column":77},"end":{"line":41,"column":5}},"line":25},"2":{"name":"(anonymous_2)","decl":{"start":{"line":43,"column":25},"end":{"line":43,"column":31}},"loc":{"start":{"line":43,"column":31},"end":{"line":47,"column":null}},"line":43},"3":{"name":"(anonymous_3)","decl":{"start":{"line":55,"column":53},"end":{"line":55,"column":59}},"loc":{"start":{"line":55,"column":59},"end":{"line":55,"column":110}},"line":55},"4":{"name":"(anonymous_4)","decl":{"start":{"line":63,"column":26},"end":{"line":63,"column":27}},"loc":{"start":{"line":63,"column":46},"end":{"line":69,"column":null}},"line":63},"5":{"name":"(anonymous_5)","decl":{"start":{"line":71,"column":35},"end":{"line":71,"column":36}},"loc":{"start":{"line":71,"column":79},"end":{"line":76,"column":null}},"line":71},"6":{"name":"(anonymous_6)","decl":{"start":{"line":83,"column":30},"end":{"line":83,"column":42}},"loc":{"start":{"line":83,"column":42},"end":{"line":99,"column":null}},"line":83},"7":{"name":"(anonymous_7)","decl":{"start":{"line":102,"column":14},"end":{"line":102,"column":20}},"loc":{"start":{"line":102,"column":20},"end":{"line":125,"column":7}},"line":102},"8":{"name":"(anonymous_8)","decl":{"start":{"line":105,"column":37},"end":{"line":105,"column":43}},"loc":{"start":{"line":105,"column":43},"end":{"line":115,"column":13}},"line":105},"9":{"name":"(anonymous_9)","decl":{"start":{"line":108,"column":50},"end":{"line":108,"column":61}},"loc":{"start":{"line":108,"column":61},"end":{"line":113,"column":21}},"line":108},"10":{"name":"(anonymous_10)","decl":{"start":{"line":110,"column":56},"end":{"line":110,"column":61}},"loc":{"start":{"line":110,"column":61},"end":{"line":110,"column":96}},"line":110},"11":{"name":"(anonymous_11)","decl":{"start":{"line":124,"column":15},"end":{"line":124,"column":21}},"loc":{"start":{"line":124,"column":21},"end":{"line":124,"column":null}},"line":124},"12":{"name":"(anonymous_12)","decl":{"start":{"line":127,"column":14},"end":{"line":127,"column":20}},"loc":{"start":{"line":127,"column":20},"end":{"line":129,"column":7}},"line":127},"13":{"name":"(anonymous_13)","decl":{"start":{"line":128,"column":19},"end":{"line":128,"column":28}},"loc":{"start":{"line":128,"column":28},"end":{"line":128,"column":127}},"line":128},"14":{"name":"(anonymous_14)","decl":{"start":{"line":131,"column":30},"end":{"line":131,"column":31}},"loc":{"start":{"line":131,"column":54},"end":{"line":152,"column":null}},"line":131},"15":{"name":"(anonymous_15)","decl":{"start":{"line":137,"column":43},"end":{"line":137,"column":48}},"loc":{"start":{"line":137,"column":48},"end":{"line":137,"column":91}},"line":137},"16":{"name":"(anonymous_16)","decl":{"start":{"line":155,"column":22},"end":{"line":155,"column":23}},"loc":{"start":{"line":155,"column":40},"end":{"line":158,"column":null}},"line":155},"17":{"name":"(anonymous_17)","decl":{"start":{"line":156,"column":36},"end":{"line":156,"column":41}},"loc":{"start":{"line":156,"column":41},"end":{"line":156,"column":56}},"line":156},"18":{"name":"(anonymous_18)","decl":{"start":{"line":160,"column":36},"end":{"line":160,"column":42}},"loc":{"start":{"line":160,"column":42},"end":{"line":167,"column":7}},"line":160},"19":{"name":"(anonymous_19)","decl":{"start":{"line":161,"column":30},"end":{"line":161,"column":35}},"loc":{"start":{"line":161,"column":35},"end":{"line":166,"column":9}},"line":161},"20":{"name":"(anonymous_20)","decl":{"start":{"line":169,"column":31},"end":{"line":169,"column":38}},"loc":{"start":{"line":169,"column":70},"end":{"line":180,"column":null}},"line":169},"21":{"name":"(anonymous_21)","decl":{"start":{"line":182,"column":30},"end":{"line":182,"column":37}},"loc":{"start":{"line":182,"column":56},"end":{"line":184,"column":null}},"line":182},"22":{"name":"(anonymous_22)","decl":{"start":{"line":219,"column":42},"end":{"line":219,"column":47}},"loc":{"start":{"line":219,"column":47},"end":{"line":219,"column":null}},"line":219},"23":{"name":"(anonymous_23)","decl":{"start":{"line":253,"column":37},"end":{"line":253,"column":null}},"loc":{"start":{"line":254,"column":28},"end":{"line":279,"column":null}},"line":254},"24":{"name":"(anonymous_24)","decl":{"start":{"line":262,"column":57},"end":{"line":262,"column":63}},"loc":{"start":{"line":262,"column":63},"end":{"line":262,"column":null}},"line":262},"25":{"name":"(anonymous_25)","decl":{"start":{"line":263,"column":56},"end":{"line":263,"column":62}},"loc":{"start":{"line":263,"column":62},"end":{"line":263,"column":null}},"line":263},"26":{"name":"(anonymous_26)","decl":{"start":{"line":276,"column":57},"end":{"line":276,"column":63}},"loc":{"start":{"line":276,"column":63},"end":{"line":276,"column":104}},"line":276},"27":{"name":"(anonymous_27)","decl":{"start":{"line":295,"column":33},"end":{"line":295,"column":40}},"loc":{"start":{"line":295,"column":46},"end":{"line":298,"column":null}},"line":295},"28":{"name":"(anonymous_28)","decl":{"start":{"line":299,"column":36},"end":{"line":299,"column":43}},"loc":{"start":{"line":299,"column":50},"end":{"line":302,"column":null}},"line":299},"29":{"name":"(anonymous_29)","decl":{"start":{"line":315,"column":29},"end":{"line":315,"column":35}},"loc":{"start":{"line":315,"column":35},"end":{"line":315,"column":null}},"line":315},"30":{"name":"(anonymous_30)","decl":{"start":{"line":351,"column":42},"end":{"line":351,"column":47}},"loc":{"start":{"line":351,"column":47},"end":{"line":351,"column":null}},"line":351},"31":{"name":"(anonymous_31)","decl":{"start":{"line":354,"column":230},"end":{"line":354,"column":235}},"loc":{"start":{"line":354,"column":235},"end":{"line":354,"column":null}},"line":354},"32":{"name":"(anonymous_32)","decl":{"start":{"line":356,"column":118},"end":{"line":356,"column":123}},"loc":{"start":{"line":356,"column":123},"end":{"line":356,"column":161}},"line":356},"33":{"name":"(anonymous_33)","decl":{"start":{"line":358,"column":233},"end":{"line":358,"column":238}},"loc":{"start":{"line":358,"column":238},"end":{"line":358,"column":null}},"line":358},"34":{"name":"(anonymous_34)","decl":{"start":{"line":360,"column":60},"end":{"line":360,"column":65}},"loc":{"start":{"line":360,"column":65},"end":{"line":360,"column":78}},"line":360},"35":{"name":"(anonymous_35)","decl":{"start":{"line":360,"column":86},"end":{"line":360,"column":91}},"loc":{"start":{"line":360,"column":91},"end":{"line":360,"column":129}},"line":360},"36":{"name":"(anonymous_36)","decl":{"start":{"line":366,"column":45},"end":{"line":366,"column":null}},"loc":{"start":{"line":367,"column":28},"end":{"line":438,"column":null}},"line":367},"37":{"name":"(anonymous_37)","decl":{"start":{"line":369,"column":41},"end":{"line":369,"column":47}},"loc":{"start":{"line":369,"column":47},"end":{"line":369,"column":null}},"line":369},"38":{"name":"(anonymous_38)","decl":{"start":{"line":379,"column":49},"end":{"line":379,"column":50}},"loc":{"start":{"line":379,"column":56},"end":{"line":385,"column":null}},"line":379},"39":{"name":"(anonymous_39)","decl":{"start":{"line":426,"column":49},"end":{"line":426,"column":50}},"loc":{"start":{"line":426,"column":56},"end":{"line":431,"column":null}},"line":426},"40":{"name":"(anonymous_40)","decl":{"start":{"line":455,"column":124},"end":{"line":455,"column":125}},"loc":{"start":{"line":455,"column":131},"end":{"line":455,"column":197}},"line":455},"41":{"name":"(anonymous_41)","decl":{"start":{"line":460,"column":34},"end":{"line":460,"column":40}},"loc":{"start":{"line":460,"column":40},"end":{"line":460,"column":null}},"line":460},"42":{"name":"(anonymous_42)","decl":{"start":{"line":466,"column":33},"end":{"line":466,"column":40}},"loc":{"start":{"line":466,"column":49},"end":{"line":470,"column":null}},"line":466},"43":{"name":"(anonymous_43)","decl":{"start":{"line":471,"column":34},"end":{"line":471,"column":41}},"loc":{"start":{"line":471,"column":50},"end":{"line":475,"column":null}},"line":471},"44":{"name":"(anonymous_44)","decl":{"start":{"line":476,"column":33},"end":{"line":476,"column":40}},"loc":{"start":{"line":476,"column":46},"end":{"line":479,"column":null}},"line":476},"45":{"name":"(anonymous_45)","decl":{"start":{"line":480,"column":36},"end":{"line":480,"column":43}},"loc":{"start":{"line":480,"column":50},"end":{"line":483,"column":null}},"line":480},"46":{"name":"(anonymous_46)","decl":{"start":{"line":484,"column":36},"end":{"line":484,"column":43}},"loc":{"start":{"line":484,"column":50},"end":{"line":487,"column":null}},"line":484},"47":{"name":"(anonymous_47)","decl":{"start":{"line":488,"column":41},"end":{"line":488,"column":48}},"loc":{"start":{"line":488,"column":54},"end":{"line":497,"column":null}},"line":488},"48":{"name":"(anonymous_48)","decl":{"start":{"line":498,"column":42},"end":{"line":498,"column":43}},"loc":{"start":{"line":498,"column":49},"end":{"line":501,"column":null}},"line":498},"49":{"name":"(anonymous_49)","decl":{"start":{"line":516,"column":45},"end":{"line":516,"column":50}},"loc":{"start":{"line":516,"column":50},"end":{"line":516,"column":68}},"line":516},"50":{"name":"(anonymous_50)","decl":{"start":{"line":516,"column":74},"end":{"line":516,"column":null}},"loc":{"start":{"line":517,"column":28},"end":{"line":523,"column":null}},"line":517},"51":{"name":"(anonymous_51)","decl":{"start":{"line":538,"column":48},"end":{"line":538,"column":53}},"loc":{"start":{"line":538,"column":53},"end":{"line":538,"column":87}},"line":538},"52":{"name":"(anonymous_52)","decl":{"start":{"line":539,"column":48},"end":{"line":539,"column":53}},"loc":{"start":{"line":539,"column":53},"end":{"line":539,"column":87}},"line":539},"53":{"name":"(anonymous_53)","decl":{"start":{"line":540,"column":37},"end":{"line":540,"column":44}},"loc":{"start":{"line":540,"column":61},"end":{"line":558,"column":null}},"line":540},"54":{"name":"(anonymous_54)","decl":{"start":{"line":541,"column":59},"end":{"line":541,"column":64}},"loc":{"start":{"line":541,"column":64},"end":{"line":541,"column":119}},"line":541},"55":{"name":"(anonymous_55)","decl":{"start":{"line":559,"column":34},"end":{"line":559,"column":35}},"loc":{"start":{"line":559,"column":46},"end":{"line":562,"column":null}},"line":559}},"branchMap":{"0":{"loc":{"start":{"line":27,"column":8},"end":{"line":27,"column":null}},"type":"if","locations":[{"start":{"line":27,"column":8},"end":{"line":27,"column":null}},{"start":{},"end":{}}],"line":27},"1":{"loc":{"start":{"line":31,"column":12},"end":{"line":35,"column":null}},"type":"if","locations":[{"start":{"line":31,"column":12},"end":{"line":35,"column":null}},{"start":{"line":33,"column":12},"end":{"line":35,"column":null}}],"line":31},"2":{"loc":{"start":{"line":31,"column":16},"end":{"line":31,"column":86}},"type":"binary-expr","locations":[{"start":{"line":31,"column":16},"end":{"line":31,"column":51}},{"start":{"line":31,"column":51},"end":{"line":31,"column":86}}],"line":31},"3":{"loc":{"start":{"line":33,"column":12},"end":{"line":35,"column":null}},"type":"if","locations":[{"start":{"line":33,"column":12},"end":{"line":35,"column":null}},{"start":{},"end":{}}],"line":33},"4":{"loc":{"start":{"line":34,"column":26},"end":{"line":34,"column":null}},"type":"cond-expr","locations":[{"start":{"line":34,"column":61},"end":{"line":34,"column":71}},{"start":{"line":34,"column":71},"end":{"line":34,"column":null}}],"line":34},"5":{"loc":{"start":{"line":55,"column":59},"end":{"line":55,"column":110}},"type":"binary-expr","locations":[{"start":{"line":55,"column":59},"end":{"line":55,"column":108}},{"start":{"line":55,"column":108},"end":{"line":55,"column":110}}],"line":55},"6":{"loc":{"start":{"line":65,"column":8},"end":{"line":68,"column":null}},"type":"if","locations":[{"start":{"line":65,"column":8},"end":{"line":68,"column":null}},{"start":{},"end":{}}],"line":65},"7":{"loc":{"start":{"line":72,"column":8},"end":{"line":74,"column":null}},"type":"if","locations":[{"start":{"line":72,"column":8},"end":{"line":74,"column":null}},{"start":{},"end":{}}],"line":72},"8":{"loc":{"start":{"line":72,"column":12},"end":{"line":72,"column":49}},"type":"binary-expr","locations":[{"start":{"line":72,"column":12},"end":{"line":72,"column":28}},{"start":{"line":72,"column":28},"end":{"line":72,"column":49}}],"line":72},"9":{"loc":{"start":{"line":85,"column":8},"end":{"line":98,"column":null}},"type":"if","locations":[{"start":{"line":85,"column":8},"end":{"line":98,"column":null}},{"start":{},"end":{}}],"line":85},"10":{"loc":{"start":{"line":104,"column":8},"end":{"line":117,"column":null}},"type":"if","locations":[{"start":{"line":104,"column":8},"end":{"line":117,"column":null}},{"start":{},"end":{}}],"line":104},"11":{"loc":{"start":{"line":104,"column":12},"end":{"line":104,"column":68}},"type":"binary-expr","locations":[{"start":{"line":104,"column":12},"end":{"line":104,"column":39}},{"start":{"line":104,"column":39},"end":{"line":104,"column":68}}],"line":104},"12":{"loc":{"start":{"line":107,"column":16},"end":{"line":114,"column":null}},"type":"if","locations":[{"start":{"line":107,"column":16},"end":{"line":114,"column":null}},{"start":{},"end":{}}],"line":107},"13":{"loc":{"start":{"line":109,"column":24},"end":{"line":112,"column":null}},"type":"if","locations":[{"start":{"line":109,"column":24},"end":{"line":112,"column":null}},{"start":{},"end":{}}],"line":109},"14":{"loc":{"start":{"line":133,"column":8},"end":{"line":133,"column":null}},"type":"if","locations":[{"start":{"line":133,"column":8},"end":{"line":133,"column":null}},{"start":{},"end":{}}],"line":133},"15":{"loc":{"start":{"line":140,"column":24},"end":{"line":140,"column":null}},"type":"binary-expr","locations":[{"start":{"line":140,"column":24},"end":{"line":140,"column":57}},{"start":{"line":140,"column":57},"end":{"line":140,"column":null}}],"line":140},"16":{"loc":{"start":{"line":141,"column":22},"end":{"line":141,"column":null}},"type":"cond-expr","locations":[{"start":{"line":141,"column":54},"end":{"line":141,"column":62}},{"start":{"line":141,"column":62},"end":{"line":141,"column":null}}],"line":141},"17":{"loc":{"start":{"line":141,"column":22},"end":{"line":141,"column":54}},"type":"binary-expr","locations":[{"start":{"line":141,"column":22},"end":{"line":141,"column":33}},{"start":{"line":141,"column":33},"end":{"line":141,"column":54}}],"line":141},"18":{"loc":{"start":{"line":144,"column":16},"end":{"line":144,"column":null}},"type":"binary-expr","locations":[{"start":{"line":144,"column":16},"end":{"line":144,"column":32}},{"start":{"line":144,"column":32},"end":{"line":144,"column":null}}],"line":144},"19":{"loc":{"start":{"line":145,"column":18},"end":{"line":145,"column":null}},"type":"binary-expr","locations":[{"start":{"line":145,"column":18},"end":{"line":145,"column":36}},{"start":{"line":145,"column":36},"end":{"line":145,"column":null}}],"line":145},"20":{"loc":{"start":{"line":146,"column":21},"end":{"line":146,"column":null}},"type":"binary-expr","locations":[{"start":{"line":146,"column":21},"end":{"line":146,"column":41}},{"start":{"line":146,"column":41},"end":{"line":146,"column":null}}],"line":146},"21":{"loc":{"start":{"line":147,"column":18},"end":{"line":147,"column":null}},"type":"cond-expr","locations":[{"start":{"line":147,"column":28},"end":{"line":147,"column":40}},{"start":{"line":147,"column":40},"end":{"line":147,"column":null}}],"line":147},"22":{"loc":{"start":{"line":147,"column":40},"end":{"line":147,"column":null}},"type":"binary-expr","locations":[{"start":{"line":147,"column":40},"end":{"line":147,"column":67}},{"start":{"line":147,"column":67},"end":{"line":147,"column":null}}],"line":147},"23":{"loc":{"start":{"line":147,"column":67},"end":{"line":147,"column":null}},"type":"cond-expr","locations":[{"start":{"line":147,"column":100},"end":{"line":147,"column":110}},{"start":{"line":147,"column":110},"end":{"line":147,"column":null}}],"line":147},"24":{"loc":{"start":{"line":157,"column":15},"end":{"line":157,"column":null}},"type":"binary-expr","locations":[{"start":{"line":157,"column":15},"end":{"line":157,"column":28}},{"start":{"line":157,"column":28},"end":{"line":157,"column":null}}],"line":157},"25":{"loc":{"start":{"line":163,"column":27},"end":{"line":163,"column":null}},"type":"binary-expr","locations":[{"start":{"line":163,"column":27},"end":{"line":163,"column":49}},{"start":{"line":163,"column":49},"end":{"line":163,"column":null}}],"line":163},"26":{"loc":{"start":{"line":164,"column":27},"end":{"line":164,"column":null}},"type":"binary-expr","locations":[{"start":{"line":164,"column":27},"end":{"line":164,"column":52}},{"start":{"line":164,"column":52},"end":{"line":164,"column":null}}],"line":164},"27":{"loc":{"start":{"line":165,"column":19},"end":{"line":165,"column":null}},"type":"binary-expr","locations":[{"start":{"line":165,"column":19},"end":{"line":165,"column":29}},{"start":{"line":165,"column":29},"end":{"line":165,"column":39}},{"start":{"line":165,"column":39},"end":{"line":165,"column":null}}],"line":165},"28":{"loc":{"start":{"line":170,"column":8},"end":{"line":170,"column":null}},"type":"if","locations":[{"start":{"line":170,"column":8},"end":{"line":170,"column":null}},{"start":{},"end":{}}],"line":170},"29":{"loc":{"start":{"line":172,"column":8},"end":{"line":174,"column":null}},"type":"if","locations":[{"start":{"line":172,"column":8},"end":{"line":174,"column":null}},{"start":{},"end":{}}],"line":172},"30":{"loc":{"start":{"line":173,"column":18},"end":{"line":173,"column":null}},"type":"binary-expr","locations":[{"start":{"line":173,"column":18},"end":{"line":173,"column":68}},{"start":{"line":173,"column":68},"end":{"line":173,"column":null}}],"line":173},"31":{"loc":{"start":{"line":177,"column":8},"end":{"line":179,"column":null}},"type":"if","locations":[{"start":{"line":177,"column":8},"end":{"line":179,"column":null}},{"start":{},"end":{}}],"line":177},"32":{"loc":{"start":{"line":177,"column":12},"end":{"line":177,"column":63}},"type":"binary-expr","locations":[{"start":{"line":177,"column":12},"end":{"line":177,"column":30}},{"start":{"line":177,"column":30},"end":{"line":177,"column":63}}],"line":177},"33":{"loc":{"start":{"line":186,"column":4},"end":{"line":229,"column":null}},"type":"if","locations":[{"start":{"line":186,"column":4},"end":{"line":229,"column":null}},{"start":{},"end":{}}],"line":186},"34":{"loc":{"start":{"line":194,"column":29},"end":{"line":201,"column":null}},"type":"cond-expr","locations":[{"start":{"line":195,"column":32},"end":{"line":199,"column":null}},{"start":{"line":201,"column":32},"end":{"line":201,"column":null}}],"line":194},"35":{"loc":{"start":{"line":232,"column":4},"end":{"line":285,"column":null}},"type":"if","locations":[{"start":{"line":232,"column":4},"end":{"line":285,"column":null}},{"start":{},"end":{}}],"line":232},"36":{"loc":{"start":{"line":242,"column":25},"end":{"line":249,"column":null}},"type":"binary-expr","locations":[{"start":{"line":242,"column":25},"end":{"line":242,"column":null}},{"start":{"line":243,"column":28},"end":{"line":249,"column":null}}],"line":242},"37":{"loc":{"start":{"line":255,"column":33},"end":{"line":267,"column":null}},"type":"cond-expr","locations":[{"start":{"line":256,"column":36},"end":{"line":265,"column":null}},{"start":{"line":267,"column":36},"end":{"line":267,"column":null}}],"line":255},"38":{"loc":{"start":{"line":267,"column":46},"end":{"line":267,"column":128}},"type":"binary-expr","locations":[{"start":{"line":267,"column":46},"end":{"line":267,"column":58}},{"start":{"line":267,"column":58},"end":{"line":267,"column":128}}],"line":267},"39":{"loc":{"start":{"line":275,"column":37},"end":{"line":276,"column":null}},"type":"binary-expr","locations":[{"start":{"line":275,"column":37},"end":{"line":275,"column":null}},{"start":{"line":276,"column":40},"end":{"line":276,"column":null}}],"line":275},"40":{"loc":{"start":{"line":288,"column":4},"end":{"line":306,"column":null}},"type":"if","locations":[{"start":{"line":288,"column":4},"end":{"line":306,"column":null}},{"start":{},"end":{}}],"line":288},"41":{"loc":{"start":{"line":312,"column":13},"end":{"line":316,"column":null}},"type":"binary-expr","locations":[{"start":{"line":312,"column":13},"end":{"line":312,"column":null}},{"start":{"line":313,"column":16},"end":{"line":316,"column":null}}],"line":312},"42":{"loc":{"start":{"line":319,"column":13},"end":{"line":448,"column":null}},"type":"binary-expr","locations":[{"start":{"line":319,"column":13},"end":{"line":319,"column":null}},{"start":{"line":320,"column":16},"end":{"line":448,"column":null}}],"line":319},"43":{"loc":{"start":{"line":373,"column":33},"end":{"line":401,"column":null}},"type":"cond-expr","locations":[{"start":{"line":374,"column":36},"end":{"line":386,"column":null}},{"start":{"line":388,"column":36},"end":{"line":401,"column":null}}],"line":373},"44":{"loc":{"start":{"line":381,"column":64},"end":{"line":381,"column":null}},"type":"binary-expr","locations":[{"start":{"line":381,"column":64},"end":{"line":381,"column":100}},{"start":{"line":381,"column":100},"end":{"line":381,"column":null}}],"line":381},"45":{"loc":{"start":{"line":382,"column":44},"end":{"line":384,"column":null}},"type":"if","locations":[{"start":{"line":382,"column":44},"end":{"line":384,"column":null}},{"start":{},"end":{}}],"line":382},"46":{"loc":{"start":{"line":390,"column":49},"end":{"line":390,"column":null}},"type":"binary-expr","locations":[{"start":{"line":390,"column":49},"end":{"line":390,"column":85}},{"start":{"line":390,"column":85},"end":{"line":390,"column":null}}],"line":390},"47":{"loc":{"start":{"line":410,"column":144},"end":{"line":413,"column":null}},"type":"binary-expr","locations":[{"start":{"line":412,"column":46},"end":{"line":412,"column":91}},{"start":{"line":412,"column":91},"end":{"line":412,"column":null}},{"start":{"line":413,"column":48},"end":{"line":413,"column":null}}],"line":410},"48":{"loc":{"start":{"line":424,"column":33},"end":{"line":436,"column":null}},"type":"binary-expr","locations":[{"start":{"line":424,"column":33},"end":{"line":424,"column":null}},{"start":{"line":425,"column":36},"end":{"line":436,"column":null}}],"line":424},"49":{"loc":{"start":{"line":442,"column":21},"end":{"line":446,"column":null}},"type":"binary-expr","locations":[{"start":{"line":442,"column":21},"end":{"line":442,"column":null}},{"start":{"line":443,"column":24},"end":{"line":446,"column":null}}],"line":442},"50":{"loc":{"start":{"line":451,"column":13},"end":{"line":451,"column":null}},"type":"binary-expr","locations":[{"start":{"line":451,"column":13},"end":{"line":451,"column":32}},{"start":{"line":451,"column":32},"end":{"line":451,"column":null}}],"line":451},"51":{"loc":{"start":{"line":453,"column":13},"end":{"line":453,"column":null}},"type":"binary-expr","locations":[{"start":{"line":453,"column":13},"end":{"line":453,"column":34}},{"start":{"line":453,"column":34},"end":{"line":453,"column":null}}],"line":453},"52":{"loc":{"start":{"line":455,"column":13},"end":{"line":455,"column":null}},"type":"binary-expr","locations":[{"start":{"line":455,"column":13},"end":{"line":455,"column":39}},{"start":{"line":455,"column":39},"end":{"line":455,"column":null}}],"line":455},"53":{"loc":{"start":{"line":457,"column":13},"end":{"line":503,"column":null}},"type":"binary-expr","locations":[{"start":{"line":457,"column":13},"end":{"line":457,"column":32}},{"start":{"line":457,"column":32},"end":{"line":457,"column":null}},{"start":{"line":458,"column":16},"end":{"line":503,"column":null}}],"line":457},"54":{"loc":{"start":{"line":467,"column":36},"end":{"line":467,"column":null}},"type":"cond-expr","locations":[{"start":{"line":467,"column":40},"end":{"line":467,"column":86}},{"start":{"line":467,"column":86},"end":{"line":467,"column":null}}],"line":467},"55":{"loc":{"start":{"line":468,"column":71},"end":{"line":468,"column":86}},"type":"binary-expr","locations":[{"start":{"line":468,"column":71},"end":{"line":468,"column":78}},{"start":{"line":468,"column":78},"end":{"line":468,"column":86}}],"line":468},"56":{"loc":{"start":{"line":472,"column":36},"end":{"line":472,"column":null}},"type":"cond-expr","locations":[{"start":{"line":472,"column":40},"end":{"line":472,"column":86}},{"start":{"line":472,"column":86},"end":{"line":472,"column":null}}],"line":472},"57":{"loc":{"start":{"line":473,"column":74},"end":{"line":473,"column":84}},"type":"binary-expr","locations":[{"start":{"line":473,"column":74},"end":{"line":473,"column":81}},{"start":{"line":473,"column":81},"end":{"line":473,"column":84}}],"line":473},"58":{"loc":{"start":{"line":491,"column":24},"end":{"line":495,"column":null}},"type":"if","locations":[{"start":{"line":491,"column":24},"end":{"line":495,"column":null}},{"start":{},"end":{}}],"line":491},"59":{"loc":{"start":{"line":491,"column":28},"end":{"line":491,"column":100}},"type":"binary-expr","locations":[{"start":{"line":491,"column":28},"end":{"line":491,"column":43}},{"start":{"line":491,"column":43},"end":{"line":491,"column":100}}],"line":491},"60":{"loc":{"start":{"line":505,"column":13},"end":{"line":532,"column":null}},"type":"binary-expr","locations":[{"start":{"line":505,"column":13},"end":{"line":505,"column":32}},{"start":{"line":505,"column":32},"end":{"line":505,"column":null}},{"start":{"line":506,"column":16},"end":{"line":532,"column":null}}],"line":505},"61":{"loc":{"start":{"line":535,"column":13},"end":{"line":563,"column":null}},"type":"binary-expr","locations":[{"start":{"line":535,"column":13},"end":{"line":535,"column":34}},{"start":{"line":535,"column":34},"end":{"line":535,"column":null}},{"start":{"line":536,"column":16},"end":{"line":563,"column":null}}],"line":535},"62":{"loc":{"start":{"line":543,"column":32},"end":{"line":543,"column":null}},"type":"binary-expr","locations":[{"start":{"line":543,"column":32},"end":{"line":543,"column":48}},{"start":{"line":543,"column":48},"end":{"line":543,"column":null}}],"line":543}},"s":{"0":1,"1":7,"2":7,"3":7,"4":7,"5":7,"6":7,"7":7,"8":7,"9":7,"10":2,"11":2,"12":2,"13":0,"14":0,"15":0,"16":0,"17":0,"18":0,"19":0,"20":0,"21":0,"22":7,"23":0,"24":0,"25":0,"26":7,"27":7,"28":2,"29":7,"30":7,"31":7,"32":7,"33":0,"34":0,"35":0,"36":0,"37":7,"38":0,"39":0,"40":0,"41":7,"42":7,"43":7,"44":7,"45":4,"46":4,"47":4,"48":4,"49":4,"50":4,"51":4,"52":4,"53":7,"54":2,"55":2,"56":2,"57":2,"58":2,"59":2,"60":2,"61":50,"62":2,"63":0,"64":0,"65":0,"66":0,"67":0,"68":0,"69":0,"70":0,"71":0,"72":0,"73":0,"74":7,"75":3,"76":2,"77":7,"78":1,"79":1,"80":0,"81":1,"82":1,"83":0,"84":1,"85":1,"86":1,"87":1,"88":1,"89":7,"90":2,"91":0,"92":2,"93":7,"94":3,"95":1,"96":1,"97":1,"98":1,"99":7,"100":0,"101":0,"102":0,"103":0,"104":0,"105":0,"106":0,"107":0,"108":0,"109":7,"110":0,"111":7,"112":5,"113":1,"114":2,"115":0,"116":0,"117":0,"118":0,"119":0,"120":2,"121":0,"122":0,"123":0,"124":0,"125":0,"126":2,"127":0,"128":0,"129":0,"130":16,"131":0,"132":1,"133":1,"134":1,"135":0,"136":0,"137":0,"138":0,"139":0,"140":0,"141":0,"142":0,"143":0,"144":0,"145":0,"146":0,"147":0,"148":0,"149":0,"150":0,"151":0,"152":0,"153":0,"154":0,"155":0,"156":0,"157":0,"158":0,"159":0,"160":0,"161":0,"162":0,"163":0,"164":0,"165":0,"166":0,"167":0,"168":0,"169":0,"170":0,"171":0,"172":0,"173":0,"174":0,"175":0,"176":0,"177":0,"178":0,"179":0,"180":0},"f":{"0":7,"1":2,"2":0,"3":2,"4":0,"5":0,"6":4,"7":2,"8":2,"9":2,"10":50,"11":0,"12":3,"13":2,"14":1,"15":0,"16":2,"17":0,"18":3,"19":1,"20":0,"21":0,"22":1,"23":0,"24":0,"25":0,"26":0,"27":0,"28":0,"29":0,"30":0,"31":0,"32":16,"33":0,"34":1,"35":1,"36":1,"37":0,"38":0,"39":0,"40":0,"41":0,"42":0,"43":0,"44":0,"45":0,"46":0,"47":0,"48":0,"49":0,"50":0,"51":0,"52":0,"53":0,"54":0,"55":0},"b":{"0":[2,0],"1":[0,0],"2":[0,0],"3":[0,0],"4":[0,0],"5":[2,2],"6":[0,0],"7":[0,0],"8":[0,0],"9":[4,0],"10":[2,0],"11":[2,0],"12":[2,0],"13":[2,0],"14":[0,1],"15":[1,1],"16":[0,1],"17":[1,0],"18":[1,1],"19":[1,1],"20":[1,1],"21":[0,1],"22":[1,1],"23":[0,1],"24":[2,2],"25":[1,0],"26":[1,0],"27":[1,1,1],"28":[0,0],"29":[0,0],"30":[0,0],"31":[0,0],"32":[0,0],"33":[5,2],"34":[1,4],"35":[0,2],"36":[0,0],"37":[0,0],"38":[0,0],"39":[0,0],"40":[0,2],"41":[2,0],"42":[7,2],"43":[1,0],"44":[0,0],"45":[0,0],"46":[0,0],"47":[1,1,0],"48":[1,0],"49":[2,1],"50":[7,0],"51":[7,0],"52":[7,0],"53":[7,0,0],"54":[0,0],"55":[0,0],"56":[0,0],"57":[0,0],"58":[0,0],"59":[0,0],"60":[7,0,0],"61":[7,0,0],"62":[0,0]},"meta":{"lastBranch":63,"lastFunction":56,"lastStatement":181,"seen":{"s:16:22:567:Infinity":0,"f:16:22:16:28":0,"s:17:22:17:Infinity":1,"s:18:30:18:Infinity":2,"s:19:30:19:Infinity":3,"s:20:28:20:Infinity":4,"s:21:40:21:Infinity":5,"s:22:30:22:Infinity":6,"s:23:44:23:Infinity":7,"s:24:42:24:Infinity":8,"s:25:38:41:Infinity":9,"f:25:71:25:77":1,"s:26:18:26:Infinity":10,"b:27:8:27:Infinity:undefined:undefined:undefined:undefined":0,"s:27:8:27:Infinity":11,"s:27:16:27:Infinity":12,"s:28:8:40:Infinity":13,"s:29:22:29:Infinity":14,"b:31:12:35:Infinity:33:12:35:Infinity":1,"s:31:12:35:Infinity":15,"b:31:16:31:51:31:51:31:86":2,"s:32:16:32:Infinity":16,"b:33:12:35:Infinity:undefined:undefined:undefined:undefined":3,"s:33:12:35:Infinity":17,"s:34:16:34:Infinity":18,"b:34:61:34:71:34:71:34:Infinity":4,"s:36:12:36:Infinity":19,"s:37:12:37:Infinity":20,"s:39:12:39:Infinity":21,"s:43:25:47:Infinity":22,"f:43:25:43:31":2,"s:44:8:44:Infinity":23,"s:45:8:45:Infinity":24,"s:46:8:46:Infinity":25,"s:49:30:53:Infinity":26,"s:55:40:55:Infinity":27,"f:55:53:55:59":3,"s:55:59:55:110":28,"b:55:59:55:108:55:108:55:110":5,"s:57:34:57:Infinity":29,"s:60:40:60:Infinity":30,"s:61:10:61:Infinity":31,"s:63:26:69:Infinity":32,"f:63:26:63:27":4,"s:64:8:64:Infinity":33,"b:65:8:68:Infinity:undefined:undefined:undefined:undefined":6,"s:65:8:68:Infinity":34,"s:66:12:66:Infinity":35,"s:67:12:67:Infinity":36,"s:71:35:76:Infinity":37,"f:71:35:71:36":5,"b:72:8:74:Infinity:undefined:undefined:undefined:undefined":7,"s:72:8:74:Infinity":38,"b:72:12:72:28:72:28:72:49":8,"s:73:12:73:Infinity":39,"s:75:8:75:Infinity":40,"s:79:28:79:Infinity":41,"s:80:32:80:Infinity":42,"s:81:38:81:Infinity":43,"s:83:30:99:Infinity":44,"f:83:30:83:42":6,"s:84:25:84:Infinity":45,"b:85:8:98:Infinity:undefined:undefined:undefined:undefined":9,"s:85:8:98:Infinity":46,"s:86:36:92:Infinity":47,"s:93:12:93:Infinity":48,"s:94:12:94:Infinity":49,"s:95:12:95:Infinity":50,"s:96:12:96:Infinity":51,"s:97:12:97:Infinity":52,"s:102:4:125:Infinity":53,"f:102:14:102:20":7,"s:103:25:103:Infinity":54,"b:104:8:117:Infinity:undefined:undefined:undefined:undefined":10,"s:104:8:117:Infinity":55,"b:104:12:104:39:104:39:104:68":11,"s:105:12:115:Infinity":56,"f:105:37:105:43":8,"b:107:16:114:Infinity:undefined:undefined:undefined:undefined":12,"s:107:16:114:Infinity":57,"s:108:20:113:Infinity":58,"f:108:50:108:61":9,"b:109:24:112:Infinity:undefined:undefined:undefined:undefined":13,"s:109:24:112:Infinity":59,"s:110:28:111:Infinity":60,"f:110:56:110:61":10,"s:110:61:110:96":61,"s:116:12:116:Infinity":62,"s:119:23:119:Infinity":63,"s:120:23:120:Infinity":64,"s:121:23:121:Infinity":65,"s:122:23:122:Infinity":66,"s:123:23:123:Infinity":67,"s:124:8:124:Infinity":68,"f:124:15:124:21":11,"s:124:23:124:33":69,"s:124:33:124:43":70,"s:124:43:124:53":71,"s:124:53:124:63":72,"s:124:63:124:73":73,"s:127:4:129:Infinity":74,"f:127:14:127:20":12,"s:128:8:128:Infinity":75,"f:128:19:128:28":13,"s:128:28:128:127":76,"s:131:30:152:Infinity":77,"f:131:30:131:31":14,"s:132:8:132:Infinity":78,"b:133:8:133:Infinity:undefined:undefined:undefined:undefined":14,"s:133:8:133:Infinity":79,"s:133:31:133:Infinity":80,"s:136:21:136:Infinity":81,"s:137:25:137:Infinity":82,"f:137:43:137:48":15,"s:137:48:137:91":83,"s:140:24:140:Infinity":84,"b:140:24:140:57:140:57:140:Infinity":15,"s:141:22:141:Infinity":85,"b:141:54:141:62:141:62:141:Infinity":16,"b:141:22:141:33:141:33:141:54":17,"s:143:31:149:Infinity":86,"b:144:16:144:32:144:32:144:Infinity":18,"b:145:18:145:36:145:36:145:Infinity":19,"b:146:21:146:41:146:41:146:Infinity":20,"b:147:28:147:40:147:40:147:Infinity":21,"b:147:40:147:67:147:67:147:Infinity":22,"b:147:100:147:110:147:110:147:Infinity":23,"s:150:8:150:Infinity":87,"s:151:8:151:Infinity":88,"s:155:22:158:Infinity":89,"f:155:22:155:23":16,"s:156:18:156:Infinity":90,"f:156:36:156:41":17,"s:156:41:156:56":91,"s:157:8:157:Infinity":92,"b:157:15:157:28:157:28:157:Infinity":24,"s:160:10:167:Infinity":93,"f:160:36:160:42":18,"s:161:8:166:Infinity":94,"f:161:30:161:35":19,"s:162:27:162:Infinity":95,"s:163:27:163:Infinity":96,"b:163:27:163:49:163:49:163:Infinity":25,"s:164:27:164:Infinity":97,"b:164:27:164:52:164:52:164:Infinity":26,"s:165:12:165:Infinity":98,"b:165:19:165:29:165:29:165:39:165:39:165:Infinity":27,"s:169:31:180:Infinity":99,"f:169:31:169:38":20,"b:170:8:170:Infinity:undefined:undefined:undefined:undefined":28,"s:170:8:170:Infinity":100,"s:170:26:170:Infinity":101,"s:171:18:171:Infinity":102,"b:172:8:174:Infinity:undefined:undefined:undefined:undefined":29,"s:172:8:174:Infinity":103,"s:173:12:173:Infinity":104,"b:173:18:173:68:173:68:173:Infinity":30,"s:175:8:175:Infinity":105,"s:176:8:176:Infinity":106,"b:177:8:179:Infinity:undefined:undefined:undefined:undefined":31,"s:177:8:179:Infinity":107,"b:177:12:177:30:177:30:177:63":32,"s:178:12:178:Infinity":108,"s:182:30:184:Infinity":109,"f:182:30:182:37":21,"s:183:8:183:Infinity":110,"b:186:4:229:Infinity:undefined:undefined:undefined:undefined":33,"s:186:4:229:Infinity":111,"s:187:8:227:Infinity":112,"b:195:32:199:Infinity:201:32:201:Infinity":34,"f:219:42:219:47":22,"s:219:47:219:Infinity":113,"b:232:4:285:Infinity:undefined:undefined:undefined:undefined":35,"s:232:4:285:Infinity":114,"s:233:8:283:Infinity":115,"b:242:25:242:Infinity:243:28:249:Infinity":36,"f:253:37:253:Infinity":23,"s:254:28:279:Infinity":116,"b:256:36:265:Infinity:267:36:267:Infinity":37,"f:262:57:262:63":24,"s:262:63:262:Infinity":117,"f:263:56:263:62":25,"s:263:62:263:Infinity":118,"b:267:46:267:58:267:58:267:128":38,"b:275:37:275:Infinity:276:40:276:Infinity":39,"f:276:57:276:63":26,"s:276:63:276:104":119,"b:288:4:306:Infinity:undefined:undefined:undefined:undefined":40,"s:288:4:306:Infinity":120,"s:289:8:304:Infinity":121,"f:295:33:295:40":27,"s:296:24:296:Infinity":122,"s:297:24:297:Infinity":123,"f:299:36:299:43":28,"s:300:24:300:Infinity":124,"s:301:24:301:Infinity":125,"s:308:4:565:Infinity":126,"b:312:13:312:Infinity:313:16:316:Infinity":41,"f:315:29:315:35":29,"s:315:35:315:Infinity":127,"b:319:13:319:Infinity:320:16:448:Infinity":42,"f:351:42:351:47":30,"s:351:47:351:Infinity":128,"f:354:230:354:235":31,"s:354:235:354:Infinity":129,"f:356:118:356:123":32,"s:356:123:356:161":130,"f:358:233:358:238":33,"s:358:238:358:Infinity":131,"f:360:60:360:65":34,"s:360:65:360:78":132,"f:360:86:360:91":35,"s:360:91:360:129":133,"f:366:45:366:Infinity":36,"s:367:28:438:Infinity":134,"f:369:41:369:47":37,"s:369:47:369:Infinity":135,"b:374:36:386:Infinity:388:36:401:Infinity":43,"f:379:49:379:50":38,"s:381:64:381:Infinity":136,"b:381:64:381:100:381:100:381:Infinity":44,"b:382:44:384:Infinity:undefined:undefined:undefined:undefined":45,"s:382:44:384:Infinity":137,"s:383:48:383:Infinity":138,"b:390:49:390:85:390:85:390:Infinity":46,"b:412:46:412:91:412:91:412:Infinity:413:48:413:Infinity":47,"b:424:33:424:Infinity:425:36:436:Infinity":48,"f:426:49:426:50":39,"s:427:44:427:Infinity":139,"s:428:44:428:Infinity":140,"s:429:44:429:Infinity":141,"s:430:44:430:Infinity":142,"b:442:21:442:Infinity:443:24:446:Infinity":49,"b:451:13:451:32:451:32:451:Infinity":50,"b:453:13:453:34:453:34:453:Infinity":51,"b:455:13:455:39:455:39:455:Infinity":52,"f:455:124:455:125":40,"s:455:133:455:152":143,"s:455:152:455:171":144,"s:455:171:455:194":145,"b:457:13:457:32:457:32:457:Infinity:458:16:503:Infinity":53,"f:460:34:460:40":41,"s:460:40:460:Infinity":146,"f:466:33:466:40":42,"s:467:36:467:Infinity":147,"b:467:40:467:86:467:86:467:Infinity":54,"s:468:24:468:Infinity":148,"b:468:71:468:78:468:78:468:86":55,"s:469:24:469:Infinity":149,"f:471:34:471:41":43,"s:472:36:472:Infinity":150,"b:472:40:472:86:472:86:472:Infinity":56,"s:473:24:473:Infinity":151,"b:473:74:473:81:473:81:473:84":57,"s:474:24:474:Infinity":152,"f:476:33:476:40":44,"s:477:24:477:Infinity":153,"s:478:24:478:Infinity":154,"f:480:36:480:43":45,"s:481:24:481:Infinity":155,"s:482:24:482:Infinity":156,"f:484:36:484:43":46,"s:485:24:485:Infinity":157,"s:486:24:486:Infinity":158,"f:488:41:488:48":47,"s:489:24:489:Infinity":159,"b:491:24:495:Infinity:undefined:undefined:undefined:undefined":58,"s:491:24:495:Infinity":160,"b:491:28:491:43:491:43:491:100":59,"s:492:48:492:Infinity":161,"s:493:28:493:Infinity":162,"s:494:28:494:Infinity":163,"s:496:24:496:Infinity":164,"f:498:42:498:43":48,"s:499:24:499:Infinity":165,"s:500:24:500:Infinity":166,"b:505:13:505:32:505:32:505:Infinity:506:16:532:Infinity":60,"f:516:45:516:50":49,"s:516:50:516:68":167,"f:516:74:516:Infinity":50,"s:517:28:523:Infinity":168,"b:535:13:535:34:535:34:535:Infinity:536:16:563:Infinity":61,"f:538:48:538:53":51,"s:538:53:538:87":169,"f:539:48:539:53":52,"s:539:53:539:87":170,"f:540:37:540:44":53,"s:541:41:541:Infinity":171,"f:541:59:541:64":54,"s:541:64:541:119":172,"s:542:48:548:Infinity":173,"b:543:32:543:48:543:48:543:Infinity":62,"s:550:24:550:Infinity":174,"s:553:44:553:Infinity":175,"s:554:24:554:Infinity":176,"s:555:24:555:Infinity":177,"s:557:24:557:Infinity":178,"f:559:34:559:35":55,"s:560:24:560:Infinity":179,"s:561:24:561:Infinity":180}}}
,"C:\\Users\\kyle\\Downloads\\SchaferFamilyCookbook\\src\\components\\AdminView.tsx": {"path":"C:\\Users\\kyle\\Downloads\\SchaferFamilyCookbook\\src\\components\\AdminView.tsx","statementMap":{"0":{"start":{"line":25,"column":51},"end":{"line":989,"column":null}},"1":{"start":{"line":26,"column":226},"end":{"line":26,"column":null}},"2":{"start":{"line":27,"column":36},"end":{"line":27,"column":null}},"3":{"start":{"line":28,"column":38},"end":{"line":28,"column":null}},"4":{"start":{"line":29,"column":36},"end":{"line":29,"column":null}},"5":{"start":{"line":30,"column":36},"end":{"line":30,"column":null}},"6":{"start":{"line":31,"column":36},"end":{"line":31,"column":null}},"7":{"start":{"line":32,"column":38},"end":{"line":32,"column":null}},"8":{"start":{"line":33,"column":40},"end":{"line":33,"column":null}},"9":{"start":{"line":35,"column":30},"end":{"line":35,"column":null}},"10":{"start":{"line":36,"column":44},"end":{"line":36,"column":null}},"11":{"start":{"line":37,"column":50},"end":{"line":37,"column":null}},"12":{"start":{"line":38,"column":40},"end":{"line":38,"column":null}},"13":{"start":{"line":39,"column":40},"end":{"line":39,"column":null}},"14":{"start":{"line":40,"column":40},"end":{"line":40,"column":null}},"15":{"start":{"line":41,"column":42},"end":{"line":41,"column":null}},"16":{"start":{"line":42,"column":44},"end":{"line":42,"column":null}},"17":{"start":{"line":43,"column":40},"end":{"line":43,"column":null}},"18":{"start":{"line":44,"column":34},"end":{"line":44,"column":null}},"19":{"start":{"line":45,"column":30},"end":{"line":45,"column":null}},"20":{"start":{"line":46,"column":34},"end":{"line":46,"column":null}},"21":{"start":{"line":47,"column":40},"end":{"line":47,"column":null}},"22":{"start":{"line":48,"column":44},"end":{"line":48,"column":null}},"23":{"start":{"line":49,"column":34},"end":{"line":49,"column":null}},"24":{"start":{"line":50,"column":44},"end":{"line":50,"column":null}},"25":{"start":{"line":53,"column":28},"end":{"line":57,"column":null}},"26":{"start":{"line":54,"column":8},"end":{"line":56,"column":null}},"27":{"start":{"line":59,"column":25},"end":{"line":59,"column":null}},"28":{"start":{"line":63,"column":4},"end":{"line":72,"column":null}},"29":{"start":{"line":64,"column":8},"end":{"line":70,"column":null}},"30":{"start":{"line":65,"column":12},"end":{"line":65,"column":null}},"31":{"start":{"line":66,"column":12},"end":{"line":66,"column":null}},"32":{"start":{"line":68,"column":12},"end":{"line":68,"column":null}},"33":{"start":{"line":69,"column":12},"end":{"line":69,"column":null}},"34":{"start":{"line":71,"column":8},"end":{"line":71,"column":null}},"35":{"start":{"line":74,"column":4},"end":{"line":82,"column":null}},"36":{"start":{"line":75,"column":8},"end":{"line":78,"column":null}},"37":{"start":{"line":76,"column":12},"end":{"line":76,"column":null}},"38":{"start":{"line":76,"column":32},"end":{"line":76,"column":null}},"39":{"start":{"line":77,"column":12},"end":{"line":77,"column":null}},"40":{"start":{"line":79,"column":20},"end":{"line":79,"column":null}},"41":{"start":{"line":80,"column":8},"end":{"line":80,"column":null}},"42":{"start":{"line":81,"column":8},"end":{"line":81,"column":null}},"43":{"start":{"line":81,"column":21},"end":{"line":81,"column":null}},"44":{"start":{"line":84,"column":28},"end":{"line":89,"column":null}},"45":{"start":{"line":85,"column":8},"end":{"line":88,"column":null}},"46":{"start":{"line":92,"column":25},"end":{"line":104,"column":null}},"47":{"start":{"line":93,"column":31},"end":{"line":93,"column":null}},"48":{"start":{"line":94,"column":41},"end":{"line":94,"column":null}},"49":{"start":{"line":95,"column":8},"end":{"line":102,"column":null}},"50":{"start":{"line":95,"column":26},"end":{"line":95,"column":29}},"51":{"start":{"line":96,"column":26},"end":{"line":96,"column":null}},"52":{"start":{"line":97,"column":32},"end":{"line":97,"column":null}},"53":{"start":{"line":98,"column":12},"end":{"line":100,"column":null}},"54":{"start":{"line":98,"column":25},"end":{"line":98,"column":28}},"55":{"start":{"line":99,"column":16},"end":{"line":99,"column":null}},"56":{"start":{"line":101,"column":12},"end":{"line":101,"column":null}},"57":{"start":{"line":103,"column":8},"end":{"line":103,"column":null}},"58":{"start":{"line":107,"column":29},"end":{"line":121,"column":null}},"59":{"start":{"line":108,"column":14},"end":{"line":108,"column":null}},"60":{"start":{"line":109,"column":25},"end":{"line":119,"column":null}},"61":{"start":{"line":120,"column":8},"end":{"line":120,"column":null}},"62":{"start":{"line":124,"column":36},"end":{"line":132,"column":null}},"63":{"start":{"line":125,"column":25},"end":{"line":129,"column":null}},"64":{"start":{"line":130,"column":28},"end":{"line":130,"column":null}},"65":{"start":{"line":131,"column":8},"end":{"line":131,"column":null}},"66":{"start":{"line":134,"column":30},"end":{"line":172,"column":null}},"67":{"start":{"line":135,"column":8},"end":{"line":135,"column":null}},"68":{"start":{"line":135,"column":29},"end":{"line":135,"column":null}},"69":{"start":{"line":136,"column":8},"end":{"line":136,"column":null}},"70":{"start":{"line":137,"column":8},"end":{"line":171,"column":null}},"71":{"start":{"line":138,"column":27},"end":{"line":138,"column":null}},"72":{"start":{"line":139,"column":12},"end":{"line":139,"column":null}},"73":{"start":{"line":139,"column":25},"end":{"line":139,"column":null}},"74":{"start":{"line":141,"column":23},"end":{"line":141,"column":null}},"75":{"start":{"line":142,"column":29},"end":{"line":161,"column":null}},"76":{"start":{"line":163,"column":34},"end":{"line":163,"column":null}},"77":{"start":{"line":164,"column":27},"end":{"line":164,"column":null}},"78":{"start":{"line":165,"column":12},"end":{"line":165,"column":null}},"79":{"start":{"line":165,"column":35},"end":{"line":165,"column":58}},"80":{"start":{"line":166,"column":12},"end":{"line":166,"column":null}},"81":{"start":{"line":167,"column":12},"end":{"line":167,"column":null}},"82":{"start":{"line":169,"column":12},"end":{"line":169,"column":null}},"83":{"start":{"line":170,"column":12},"end":{"line":170,"column":null}},"84":{"start":{"line":171,"column":20},"end":{"line":171,"column":46}},"85":{"start":{"line":174,"column":33},"end":{"line":192,"column":null}},"86":{"start":{"line":175,"column":8},"end":{"line":175,"column":null}},"87":{"start":{"line":175,"column":31},"end":{"line":175,"column":null}},"88":{"start":{"line":176,"column":8},"end":{"line":176,"column":null}},"89":{"start":{"line":177,"column":8},"end":{"line":191,"column":null}},"90":{"start":{"line":178,"column":27},"end":{"line":178,"column":null}},"91":{"start":{"line":179,"column":12},"end":{"line":179,"column":null}},"92":{"start":{"line":179,"column":25},"end":{"line":179,"column":null}},"93":{"start":{"line":181,"column":23},"end":{"line":181,"column":null}},"94":{"start":{"line":182,"column":32},"end":{"line":182,"column":null}},"95":{"start":{"line":183,"column":25},"end":{"line":183,"column":null}},"96":{"start":{"line":186,"column":12},"end":{"line":186,"column":null}},"97":{"start":{"line":187,"column":12},"end":{"line":187,"column":null}},"98":{"start":{"line":189,"column":12},"end":{"line":189,"column":null}},"99":{"start":{"line":190,"column":12},"end":{"line":190,"column":null}},"100":{"start":{"line":191,"column":20},"end":{"line":191,"column":49}},"101":{"start":{"line":194,"column":30},"end":{"line":211,"column":null}},"102":{"start":{"line":195,"column":8},"end":{"line":195,"column":null}},"103":{"start":{"line":196,"column":8},"end":{"line":210,"column":null}},"104":{"start":{"line":197,"column":27},"end":{"line":197,"column":null}},"105":{"start":{"line":198,"column":12},"end":{"line":198,"column":null}},"106":{"start":{"line":198,"column":25},"end":{"line":198,"column":null}},"107":{"start":{"line":200,"column":23},"end":{"line":200,"column":null}},"108":{"start":{"line":201,"column":32},"end":{"line":201,"column":null}},"109":{"start":{"line":202,"column":25},"end":{"line":202,"column":null}},"110":{"start":{"line":204,"column":12},"end":{"line":204,"column":null}},"111":{"start":{"line":206,"column":12},"end":{"line":206,"column":null}},"112":{"start":{"line":207,"column":12},"end":{"line":207,"column":null}},"113":{"start":{"line":209,"column":12},"end":{"line":209,"column":null}},"114":{"start":{"line":213,"column":37},"end":{"line":279,"column":null}},"115":{"start":{"line":214,"column":30},"end":{"line":221,"column":null}},"116":{"start":{"line":217,"column":46},"end":{"line":217,"column":null}},"117":{"start":{"line":218,"column":39},"end":{"line":218,"column":null}},"118":{"start":{"line":219,"column":39},"end":{"line":219,"column":null}},"119":{"start":{"line":220,"column":16},"end":{"line":220,"column":null}},"120":{"start":{"line":223,"column":8},"end":{"line":226,"column":null}},"121":{"start":{"line":224,"column":12},"end":{"line":224,"column":null}},"122":{"start":{"line":225,"column":12},"end":{"line":225,"column":null}},"123":{"start":{"line":228,"column":24},"end":{"line":230,"column":null}},"124":{"start":{"line":232,"column":8},"end":{"line":232,"column":null}},"125":{"start":{"line":232,"column":31},"end":{"line":232,"column":null}},"126":{"start":{"line":234,"column":8},"end":{"line":234,"column":null}},"127":{"start":{"line":235,"column":8},"end":{"line":235,"column":null}},"128":{"start":{"line":237,"column":23},"end":{"line":237,"column":null}},"129":{"start":{"line":238,"column":8},"end":{"line":242,"column":null}},"130":{"start":{"line":239,"column":12},"end":{"line":239,"column":null}},"131":{"start":{"line":240,"column":12},"end":{"line":240,"column":null}},"132":{"start":{"line":241,"column":12},"end":{"line":241,"column":null}},"133":{"start":{"line":244,"column":19},"end":{"line":244,"column":null}},"134":{"start":{"line":245,"column":27},"end":{"line":245,"column":null}},"135":{"start":{"line":246,"column":24},"end":{"line":246,"column":null}},"136":{"start":{"line":249,"column":8},"end":{"line":271,"column":null}},"137":{"start":{"line":249,"column":21},"end":{"line":249,"column":24}},"138":{"start":{"line":250,"column":27},"end":{"line":250,"column":null}},"139":{"start":{"line":252,"column":12},"end":{"line":263,"column":null}},"140":{"start":{"line":254,"column":36},"end":{"line":254,"column":null}},"141":{"start":{"line":256,"column":29},"end":{"line":256,"column":null}},"142":{"start":{"line":258,"column":16},"end":{"line":258,"column":null}},"143":{"start":{"line":259,"column":16},"end":{"line":259,"column":null}},"144":{"start":{"line":261,"column":16},"end":{"line":261,"column":null}},"145":{"start":{"line":262,"column":16},"end":{"line":262,"column":null}},"146":{"start":{"line":265,"column":12},"end":{"line":265,"column":null}},"147":{"start":{"line":268,"column":12},"end":{"line":270,"column":null}},"148":{"start":{"line":269,"column":16},"end":{"line":269,"column":null}},"149":{"start":{"line":269,"column":39},"end":{"line":269,"column":58}},"150":{"start":{"line":273,"column":8},"end":{"line":273,"column":null}},"151":{"start":{"line":274,"column":8},"end":{"line":278,"column":null}},"152":{"start":{"line":275,"column":12},"end":{"line":275,"column":null}},"153":{"start":{"line":277,"column":12},"end":{"line":277,"column":null}},"154":{"start":{"line":280,"column":31},"end":{"line":302,"column":null}},"155":{"start":{"line":281,"column":8},"end":{"line":281,"column":null}},"156":{"start":{"line":282,"column":8},"end":{"line":282,"column":null}},"157":{"start":{"line":282,"column":47},"end":{"line":282,"column":null}},"158":{"start":{"line":283,"column":8},"end":{"line":283,"column":null}},"159":{"start":{"line":284,"column":8},"end":{"line":301,"column":null}},"160":{"start":{"line":285,"column":29},"end":{"line":285,"column":null}},"161":{"start":{"line":286,"column":12},"end":{"line":291,"column":null}},"162":{"start":{"line":294,"column":12},"end":{"line":294,"column":null}},"163":{"start":{"line":295,"column":12},"end":{"line":295,"column":null}},"164":{"start":{"line":295,"column":29},"end":{"line":295,"column":52}},"165":{"start":{"line":297,"column":12},"end":{"line":297,"column":null}},"166":{"start":{"line":298,"column":12},"end":{"line":298,"column":null}},"167":{"start":{"line":299,"column":12},"end":{"line":299,"column":null}},"168":{"start":{"line":300,"column":12},"end":{"line":300,"column":null}},"169":{"start":{"line":300,"column":31},"end":{"line":300,"column":null}},"170":{"start":{"line":301,"column":20},"end":{"line":301,"column":44}},"171":{"start":{"line":304,"column":32},"end":{"line":320,"column":null}},"172":{"start":{"line":305,"column":8},"end":{"line":305,"column":null}},"173":{"start":{"line":306,"column":8},"end":{"line":306,"column":null}},"174":{"start":{"line":306,"column":42},"end":{"line":306,"column":null}},"175":{"start":{"line":307,"column":8},"end":{"line":307,"column":null}},"176":{"start":{"line":308,"column":8},"end":{"line":319,"column":null}},"177":{"start":{"line":309,"column":28},"end":{"line":309,"column":null}},"178":{"start":{"line":310,"column":12},"end":{"line":316,"column":null}},"179":{"start":{"line":317,"column":12},"end":{"line":317,"column":null}},"180":{"start":{"line":318,"column":12},"end":{"line":318,"column":null}},"181":{"start":{"line":319,"column":20},"end":{"line":319,"column":44}},"182":{"start":{"line":322,"column":36},"end":{"line":367,"column":null}},"183":{"start":{"line":323,"column":8},"end":{"line":323,"column":null}},"184":{"start":{"line":323,"column":50},"end":{"line":323,"column":null}},"185":{"start":{"line":325,"column":31},"end":{"line":325,"column":null}},"186":{"start":{"line":325,"column":78},"end":{"line":325,"column":136}},"187":{"start":{"line":326,"column":8},"end":{"line":329,"column":null}},"188":{"start":{"line":327,"column":12},"end":{"line":327,"column":null}},"189":{"start":{"line":328,"column":12},"end":{"line":328,"column":null}},"190":{"start":{"line":331,"column":8},"end":{"line":331,"column":null}},"191":{"start":{"line":331,"column":70},"end":{"line":331,"column":null}},"192":{"start":{"line":333,"column":8},"end":{"line":333,"column":null}},"193":{"start":{"line":334,"column":8},"end":{"line":334,"column":null}},"194":{"start":{"line":336,"column":27},"end":{"line":336,"column":null}},"195":{"start":{"line":337,"column":33},"end":{"line":337,"column":null}},"196":{"start":{"line":339,"column":8},"end":{"line":357,"column":null}},"197":{"start":{"line":339,"column":21},"end":{"line":339,"column":24}},"198":{"start":{"line":340,"column":25},"end":{"line":340,"column":null}},"199":{"start":{"line":341,"column":12},"end":{"line":354,"column":null}},"200":{"start":{"line":342,"column":32},"end":{"line":342,"column":null}},"201":{"start":{"line":343,"column":33},"end":{"line":343,"column":null}},"202":{"start":{"line":344,"column":16},"end":{"line":350,"column":null}},"203":{"start":{"line":351,"column":16},"end":{"line":351,"column":null}},"204":{"start":{"line":353,"column":16},"end":{"line":353,"column":null}},"205":{"start":{"line":356,"column":12},"end":{"line":356,"column":null}},"206":{"start":{"line":359,"column":8},"end":{"line":359,"column":null}},"207":{"start":{"line":360,"column":8},"end":{"line":360,"column":null}},"208":{"start":{"line":362,"column":8},"end":{"line":366,"column":null}},"209":{"start":{"line":363,"column":12},"end":{"line":363,"column":null}},"210":{"start":{"line":365,"column":12},"end":{"line":365,"column":null}},"211":{"start":{"line":369,"column":36},"end":{"line":406,"column":null}},"212":{"start":{"line":370,"column":8},"end":{"line":370,"column":null}},"213":{"start":{"line":370,"column":52},"end":{"line":370,"column":99}},"214":{"start":{"line":370,"column":99},"end":{"line":370,"column":107}},"215":{"start":{"line":371,"column":8},"end":{"line":371,"column":null}},"216":{"start":{"line":371,"column":79},"end":{"line":371,"column":133}},"217":{"start":{"line":371,"column":133},"end":{"line":371,"column":141}},"218":{"start":{"line":373,"column":25},"end":{"line":373,"column":null}},"219":{"start":{"line":374,"column":23},"end":{"line":374,"column":null}},"220":{"start":{"line":376,"column":32},"end":{"line":376,"column":null}},"221":{"start":{"line":376,"column":52},"end":{"line":376,"column":78}},"222":{"start":{"line":377,"column":8},"end":{"line":380,"column":null}},"223":{"start":{"line":378,"column":12},"end":{"line":378,"column":null}},"224":{"start":{"line":379,"column":12},"end":{"line":379,"column":null}},"225":{"start":{"line":382,"column":8},"end":{"line":382,"column":null}},"226":{"start":{"line":382,"column":102},"end":{"line":382,"column":null}},"227":{"start":{"line":384,"column":8},"end":{"line":384,"column":null}},"228":{"start":{"line":385,"column":8},"end":{"line":405,"column":null}},"229":{"start":{"line":387,"column":12},"end":{"line":389,"column":null}},"230":{"start":{"line":388,"column":16},"end":{"line":388,"column":null}},"231":{"start":{"line":392,"column":31},"end":{"line":392,"column":null}},"232":{"start":{"line":392,"column":54},"end":{"line":392,"column":73}},"233":{"start":{"line":393,"column":12},"end":{"line":396,"column":null}},"234":{"start":{"line":398,"column":12},"end":{"line":398,"column":null}},"235":{"start":{"line":399,"column":12},"end":{"line":399,"column":null}},"236":{"start":{"line":400,"column":12},"end":{"line":400,"column":null}},"237":{"start":{"line":402,"column":12},"end":{"line":402,"column":null}},"238":{"start":{"line":404,"column":12},"end":{"line":404,"column":null}},"239":{"start":{"line":411,"column":4},"end":{"line":987,"column":null}},"240":{"start":{"line":422,"column":26},"end":{"line":430,"column":null}},"241":{"start":{"line":426,"column":47},"end":{"line":426,"column":null}},"242":{"start":{"line":448,"column":283},"end":{"line":448,"column":316}},"243":{"start":{"line":450,"column":44},"end":{"line":450,"column":null}},"244":{"start":{"line":450,"column":70},"end":{"line":450,"column":null}},"245":{"start":{"line":451,"column":57},"end":{"line":451,"column":null}},"246":{"start":{"line":452,"column":60},"end":{"line":452,"column":null}},"247":{"start":{"line":452,"column":89},"end":{"line":452,"column":132}},"248":{"start":{"line":453,"column":44},"end":{"line":458,"column":null}},"249":{"start":{"line":459,"column":44},"end":{"line":459,"column":null}},"250":{"start":{"line":460,"column":44},"end":{"line":460,"column":null}},"251":{"start":{"line":467,"column":72},"end":{"line":467,"column":90}},"252":{"start":{"line":468,"column":44},"end":{"line":474,"column":null}},"253":{"start":{"line":472,"column":77},"end":{"line":472,"column":181}},"254":{"start":{"line":472,"column":132},"end":{"line":472,"column":181}},"255":{"start":{"line":538,"column":71},"end":{"line":538,"column":null}},"256":{"start":{"line":551,"column":52},"end":{"line":591,"column":null}},"257":{"start":{"line":566,"column":79},"end":{"line":566,"column":null}},"258":{"start":{"line":575,"column":68},"end":{"line":575,"column":null}},"259":{"start":{"line":576,"column":68},"end":{"line":576,"column":null}},"260":{"start":{"line":584,"column":68},"end":{"line":584,"column":null}},"261":{"start":{"line":584,"column":128},"end":{"line":584,"column":null}},"262":{"start":{"line":599,"column":228},"end":{"line":599,"column":256}},"263":{"start":{"line":604,"column":71},"end":{"line":604,"column":104}},"264":{"start":{"line":607,"column":71},"end":{"line":607,"column":103}},"265":{"start":{"line":624,"column":61},"end":{"line":624,"column":null}},"266":{"start":{"line":634,"column":99},"end":{"line":634,"column":143}},"267":{"start":{"line":646,"column":231},"end":{"line":646,"column":288}},"268":{"start":{"line":654,"column":63},"end":{"line":654,"column":null}},"269":{"start":{"line":657,"column":74},"end":{"line":657,"column":102}},"270":{"start":{"line":658,"column":52},"end":{"line":658,"column":null}},"271":{"start":{"line":664,"column":201},"end":{"line":664,"column":null}},"272":{"start":{"line":665,"column":143},"end":{"line":665,"column":171}},"273":{"start":{"line":667,"column":235},"end":{"line":667,"column":295}},"274":{"start":{"line":668,"column":235},"end":{"line":668,"column":295}},"275":{"start":{"line":669,"column":239},"end":{"line":669,"column":314}},"276":{"start":{"line":671,"column":270},"end":{"line":671,"column":345}},"277":{"start":{"line":672,"column":272},"end":{"line":672,"column":348}},"278":{"start":{"line":681,"column":63},"end":{"line":681,"column":null}},"279":{"start":{"line":719,"column":63},"end":{"line":719,"column":null}},"280":{"start":{"line":725,"column":103},"end":{"line":725,"column":148}},"281":{"start":{"line":731,"column":201},"end":{"line":731,"column":262}},"282":{"start":{"line":748,"column":67},"end":{"line":748,"column":null}},"283":{"start":{"line":765,"column":60},"end":{"line":767,"column":null}},"284":{"start":{"line":780,"column":71},"end":{"line":780,"column":null}},"285":{"start":{"line":833,"column":40},"end":{"line":833,"column":null}},"286":{"start":{"line":834,"column":40},"end":{"line":834,"column":null}},"287":{"start":{"line":834,"column":66},"end":{"line":834,"column":null}},"288":{"start":{"line":835,"column":40},"end":{"line":839,"column":null}},"289":{"start":{"line":840,"column":40},"end":{"line":840,"column":null}},"290":{"start":{"line":841,"column":40},"end":{"line":841,"column":null}},"291":{"start":{"line":843,"column":197},"end":{"line":843,"column":257}},"292":{"start":{"line":846,"column":48},"end":{"line":846,"column":null}},"293":{"start":{"line":846,"column":190},"end":{"line":846,"column":223}},"294":{"start":{"line":846,"column":223},"end":{"line":846,"column":246}},"295":{"start":{"line":846,"column":246},"end":{"line":846,"column":291}},"296":{"start":{"line":849,"column":206},"end":{"line":849,"column":264}},"297":{"start":{"line":854,"column":101},"end":{"line":854,"column":125}},"298":{"start":{"line":854,"column":125},"end":{"line":854,"column":197}},"299":{"start":{"line":860,"column":44},"end":{"line":866,"column":null}},"300":{"start":{"line":861,"column":127},"end":{"line":861,"column":148}},"301":{"start":{"line":861,"column":148},"end":{"line":861,"column":166}},"302":{"start":{"line":865,"column":71},"end":{"line":865,"column":93}},"303":{"start":{"line":896,"column":59},"end":{"line":896,"column":null}},"304":{"start":{"line":907,"column":59},"end":{"line":907,"column":null}},"305":{"start":{"line":924,"column":66},"end":{"line":924,"column":79}},"306":{"start":{"line":925,"column":65},"end":{"line":925,"column":78}},"307":{"start":{"line":926,"column":71},"end":{"line":926,"column":77}},"308":{"start":{"line":928,"column":48},"end":{"line":928,"column":null}},"309":{"start":{"line":928,"column":71},"end":{"line":928,"column":86}},"310":{"start":{"line":929,"column":47},"end":{"line":929,"column":null}},"311":{"start":{"line":930,"column":45},"end":{"line":930,"column":null}},"312":{"start":{"line":931,"column":32},"end":{"line":967,"column":null}},"313":{"start":{"line":937,"column":48},"end":{"line":937,"column":null}},"314":{"start":{"line":938,"column":62},"end":{"line":938,"column":null}},"315":{"start":{"line":939,"column":48},"end":{"line":942,"column":null}},"316":{"start":{"line":940,"column":75},"end":{"line":940,"column":null}},"317":{"start":{"line":941,"column":52},"end":{"line":941,"column":null}},"318":{"start":{"line":945,"column":48},"end":{"line":945,"column":null}},"319":{"start":{"line":946,"column":48},"end":{"line":951,"column":null}},"320":{"start":{"line":947,"column":52},"end":{"line":947,"column":null}},"321":{"start":{"line":949,"column":64},"end":{"line":949,"column":null}},"322":{"start":{"line":950,"column":52},"end":{"line":950,"column":null}},"323":{"start":{"line":950,"column":61},"end":{"line":950,"column":null}},"324":{"start":{"line":955,"column":52},"end":{"line":955,"column":null}},"325":{"start":{"line":956,"column":52},"end":{"line":956,"column":null}},"326":{"start":{"line":956,"column":73},"end":{"line":956,"column":126}},"327":{"start":{"line":956,"column":126},"end":{"line":956,"column":134}},"328":{"start":{"line":957,"column":52},"end":{"line":957,"column":null}},"329":{"start":{"line":957,"column":101},"end":{"line":957,"column":null}},"330":{"start":{"line":961,"column":52},"end":{"line":961,"column":null}},"331":{"start":{"line":962,"column":52},"end":{"line":962,"column":null}},"332":{"start":{"line":962,"column":73},"end":{"line":962,"column":126}},"333":{"start":{"line":962,"column":126},"end":{"line":962,"column":134}},"334":{"start":{"line":963,"column":52},"end":{"line":963,"column":null}},"335":{"start":{"line":963,"column":102},"end":{"line":963,"column":null}},"336":{"start":{"line":978,"column":28},"end":{"line":981,"column":null}},"337":{"start":{"line":983,"column":39},"end":{"line":983,"column":null}}},"fnMap":{"0":{"name":"(anonymous_0)","decl":{"start":{"line":25,"column":51},"end":{"line":25,"column":52}},"loc":{"start":{"line":25,"column":62},"end":{"line":989,"column":null}},"line":25},"1":{"name":"(anonymous_1)","decl":{"start":{"line":53,"column":43},"end":{"line":53,"column":null}},"loc":{"start":{"line":54,"column":8},"end":{"line":56,"column":null}},"line":54},"2":{"name":"(anonymous_2)","decl":{"start":{"line":63,"column":14},"end":{"line":63,"column":20}},"loc":{"start":{"line":63,"column":20},"end":{"line":72,"column":7}},"line":63},"3":{"name":"(anonymous_3)","decl":{"start":{"line":74,"column":14},"end":{"line":74,"column":20}},"loc":{"start":{"line":74,"column":20},"end":{"line":82,"column":7}},"line":74},"4":{"name":"(anonymous_4)","decl":{"start":{"line":81,"column":15},"end":{"line":81,"column":21}},"loc":{"start":{"line":81,"column":21},"end":{"line":81,"column":null}},"line":81},"5":{"name":"(anonymous_5)","decl":{"start":{"line":84,"column":28},"end":{"line":84,"column":34}},"loc":{"start":{"line":84,"column":34},"end":{"line":89,"column":null}},"line":84},"6":{"name":"(anonymous_6)","decl":{"start":{"line":92,"column":25},"end":{"line":92,"column":26}},"loc":{"start":{"line":92,"column":69},"end":{"line":104,"column":null}},"line":92},"7":{"name":"(anonymous_7)","decl":{"start":{"line":107,"column":29},"end":{"line":107,"column":36}},"loc":{"start":{"line":107,"column":119},"end":{"line":121,"column":null}},"line":107},"8":{"name":"(anonymous_8)","decl":{"start":{"line":124,"column":36},"end":{"line":124,"column":43}},"loc":{"start":{"line":124,"column":115},"end":{"line":132,"column":null}},"line":124},"9":{"name":"(anonymous_9)","decl":{"start":{"line":134,"column":30},"end":{"line":134,"column":42}},"loc":{"start":{"line":134,"column":42},"end":{"line":172,"column":null}},"line":134},"10":{"name":"(anonymous_10)","decl":{"start":{"line":165,"column":26},"end":{"line":165,"column":35}},"loc":{"start":{"line":165,"column":35},"end":{"line":165,"column":58}},"line":165},"11":{"name":"(anonymous_11)","decl":{"start":{"line":174,"column":33},"end":{"line":174,"column":45}},"loc":{"start":{"line":174,"column":45},"end":{"line":192,"column":null}},"line":174},"12":{"name":"(anonymous_12)","decl":{"start":{"line":194,"column":30},"end":{"line":194,"column":37}},"loc":{"start":{"line":194,"column":56},"end":{"line":211,"column":null}},"line":194},"13":{"name":"(anonymous_13)","decl":{"start":{"line":213,"column":37},"end":{"line":213,"column":44}},"loc":{"start":{"line":213,"column":78},"end":{"line":279,"column":null}},"line":213},"14":{"name":"(anonymous_14)","decl":{"start":{"line":216,"column":29},"end":{"line":216,"column":34}},"loc":{"start":{"line":216,"column":34},"end":{"line":221,"column":13}},"line":216},"15":{"name":"(anonymous_15)","decl":{"start":{"line":269,"column":34},"end":{"line":269,"column":39}},"loc":{"start":{"line":269,"column":39},"end":{"line":269,"column":58}},"line":269},"16":{"name":"(anonymous_16)","decl":{"start":{"line":280,"column":31},"end":{"line":280,"column":38}},"loc":{"start":{"line":280,"column":61},"end":{"line":302,"column":null}},"line":280},"17":{"name":"(anonymous_17)","decl":{"start":{"line":295,"column":23},"end":{"line":295,"column":29}},"loc":{"start":{"line":295,"column":29},"end":{"line":295,"column":52}},"line":295},"18":{"name":"(anonymous_18)","decl":{"start":{"line":304,"column":32},"end":{"line":304,"column":39}},"loc":{"start":{"line":304,"column":62},"end":{"line":320,"column":null}},"line":304},"19":{"name":"(anonymous_19)","decl":{"start":{"line":322,"column":36},"end":{"line":322,"column":48}},"loc":{"start":{"line":322,"column":48},"end":{"line":367,"column":null}},"line":322},"20":{"name":"(anonymous_20)","decl":{"start":{"line":325,"column":71},"end":{"line":325,"column":72}},"loc":{"start":{"line":325,"column":78},"end":{"line":325,"column":136}},"line":325},"21":{"name":"(anonymous_21)","decl":{"start":{"line":369,"column":36},"end":{"line":369,"column":48}},"loc":{"start":{"line":369,"column":48},"end":{"line":406,"c
[...]
n":null}},{"start":{},"end":{}}],"line":146},"21":{"loc":{"start":{"line":149,"column":39},"end":{"line":149,"column":88}},"type":"binary-expr","locations":[{"start":{"line":149,"column":39},"end":{"line":149,"column":84}},{"start":{"line":149,"column":84},"end":{"line":149,"column":88}}],"line":149},"22":{"loc":{"start":{"line":156,"column":49},"end":{"line":156,"column":95}},"type":"binary-expr","locations":[{"start":{"line":156,"column":49},"end":{"line":156,"column":70}},{"start":{"line":156,"column":56},"end":{"line":156,"column":95}}],"line":156},"23":{"loc":{"start":{"line":157,"column":8},"end":{"line":178,"column":null}},"type":"if","locations":[{"start":{"line":157,"column":8},"end":{"line":178,"column":null}},{"start":{"line":172,"column":15},"end":{"line":178,"column":null}}],"line":157},"24":{"loc":{"start":{"line":159,"column":12},"end":{"line":159,"column":null}},"type":"if","locations":[{"start":{"line":159,"column":12},"end":{"line":159,"column":null}},{"start":{},"end":{}}],"line":159},"25":{"loc":{"start":{"line":162,"column":12},"end":{"line":171,"column":null}},"type":"if","locations":[{"start":{"line":162,"column":12},"end":{"line":171,"column":null}},{"start":{},"end":{}}],"line":162},"26":{"loc":{"start":{"line":166,"column":28},"end":{"line":166,"column":null}},"type":"cond-expr","locations":[{"start":{"line":166,"column":36},"end":{"line":166,"column":46}},{"start":{"line":166,"column":46},"end":{"line":166,"column":null}}],"line":166},"27":{"loc":{"start":{"line":173,"column":39},"end":{"line":173,"column":89}},"type":"binary-expr","locations":[{"start":{"line":173,"column":39},"end":{"line":173,"column":85}},{"start":{"line":173,"column":85},"end":{"line":173,"column":89}}],"line":173},"28":{"loc":{"start":{"line":175,"column":12},"end":{"line":176,"column":null}},"type":"if","locations":[{"start":{"line":175,"column":12},"end":{"line":176,"column":null}},{"start":{"line":176,"column":17},"end":{"line":176,"column":null}}],"line":175},"29":{"loc":{"start":{"line":183,"column":47},"end":{"line":183,"column":91}},"type":"binary-expr","locations":[{"start":{"line":183,"column":47},"end":{"line":183,"column":66}},{"start":{"line":183,"column":52},"end":{"line":183,"column":91}}],"line":183},"30":{"loc":{"start":{"line":184,"column":8},"end":{"line":194,"column":null}},"type":"if","locations":[{"start":{"line":184,"column":8},"end":{"line":194,"column":null}},{"start":{"line":188,"column":15},"end":{"line":194,"column":null}}],"line":184},"31":{"loc":{"start":{"line":186,"column":12},"end":{"line":186,"column":null}},"type":"if","locations":[{"start":{"line":186,"column":12},"end":{"line":186,"column":null}},{"start":{},"end":{}}],"line":186},"32":{"loc":{"start":{"line":189,"column":39},"end":{"line":189,"column":88}},"type":"binary-expr","locations":[{"start":{"line":189,"column":39},"end":{"line":189,"column":84}},{"start":{"line":189,"column":84},"end":{"line":189,"column":88}}],"line":189},"33":{"loc":{"start":{"line":191,"column":12},"end":{"line":192,"column":null}},"type":"if","locations":[{"start":{"line":191,"column":12},"end":{"line":192,"column":null}},{"start":{"line":192,"column":17},"end":{"line":192,"column":null}}],"line":191},"34":{"loc":{"start":{"line":199,"column":47},"end":{"line":199,"column":91}},"type":"binary-expr","locations":[{"start":{"line":199,"column":47},"end":{"line":199,"column":66}},{"start":{"line":199,"column":52},"end":{"line":199,"column":91}}],"line":199},"35":{"loc":{"start":{"line":200,"column":8},"end":{"line":210,"column":null}},"type":"if","locations":[{"start":{"line":200,"column":8},"end":{"line":210,"column":null}},{"start":{"line":204,"column":15},"end":{"line":210,"column":null}}],"line":200},"36":{"loc":{"start":{"line":202,"column":12},"end":{"line":202,"column":null}},"type":"if","locations":[{"start":{"line":202,"column":12},"end":{"line":202,"column":null}},{"start":{},"end":{}}],"line":202},"37":{"loc":{"start":{"line":205,"column":39},"end":{"line":205,"column":89}},"type":"binary-expr","locations":[{"start":{"line":205,"column":39},"end":{"line":205,"column":85}},{"start":{"line":205,"column":85},"end":{"line":205,"column":89}}],"line":205},"38":{"loc":{"start":{"line":207,"column":12},"end":{"line":208,"column":null}},"type":"if","locations":[{"start":{"line":207,"column":12},"end":{"line":208,"column":null}},{"start":{"line":208,"column":17},"end":{"line":208,"column":null}}],"line":207},"39":{"loc":{"start":{"line":215,"column":8},"end":{"line":218,"column":null}},"type":"if","locations":[{"start":{"line":215,"column":8},"end":{"line":218,"column":null}},{"start":{},"end":{}}],"line":215},"40":{"loc":{"start":{"line":217,"column":12},"end":{"line":217,"column":null}},"type":"if","locations":[{"start":{"line":217,"column":12},"end":{"line":217,"column":null}},{"start":{},"end":{}}],"line":217},"41":{"loc":{"start":{"line":227,"column":15},"end":{"line":227,"column":null}},"type":"cond-expr","locations":[{"start":{"line":227,"column":22},"end":{"line":227,"column":41}},{"start":{"line":227,"column":41},"end":{"line":227,"column":null}}],"line":227},"42":{"loc":{"start":{"line":231,"column":15},"end":{"line":231,"column":null}},"type":"cond-expr","locations":[{"start":{"line":231,"column":22},"end":{"line":231,"column":41}},{"start":{"line":231,"column":41},"end":{"line":231,"column":null}}],"line":231},"43":{"loc":{"start":{"line":237,"column":15},"end":{"line":237,"column":null}},"type":"cond-expr","locations":[{"start":{"line":237,"column":22},"end":{"line":237,"column":41}},{"start":{"line":237,"column":41},"end":{"line":237,"column":null}}],"line":237},"44":{"loc":{"start":{"line":242,"column":8},"end":{"line":252,"column":null}},"type":"if","locations":[{"start":{"line":242,"column":8},"end":{"line":252,"column":null}},{"start":{"line":246,"column":15},"end":{"line":252,"column":null}}],"line":242},"45":{"loc":{"start":{"line":244,"column":12},"end":{"line":244,"column":null}},"type":"if","locations":[{"start":{"line":244,"column":12},"end":{"line":244,"column":null}},{"start":{},"end":{}}],"line":244},"46":{"loc":{"start":{"line":247,"column":39},"end":{"line":247,"column":94}},"type":"binary-expr","locations":[{"start":{"line":247,"column":39},"end":{"line":247,"column":90}},{"start":{"line":247,"column":90},"end":{"line":247,"column":94}}],"line":247},"47":{"loc":{"start":{"line":249,"column":12},"end":{"line":250,"column":null}},"type":"if","locations":[{"start":{"line":249,"column":12},"end":{"line":250,"column":null}},{"start":{"line":250,"column":17},"end":{"line":250,"column":null}}],"line":249},"48":{"loc":{"start":{"line":257,"column":8},"end":{"line":264,"column":null}},"type":"if","locations":[{"start":{"line":257,"column":8},"end":{"line":264,"column":null}},{"start":{"line":261,"column":15},"end":{"line":264,"column":null}}],"line":257},"49":{"loc":{"start":{"line":259,"column":12},"end":{"line":259,"column":null}},"type":"if","locations":[{"start":{"line":259,"column":12},"end":{"line":259,"column":null}},{"start":{},"end":{}}],"line":259},"50":{"loc":{"start":{"line":262,"column":39},"end":{"line":262,"column":94}},"type":"binary-expr","locations":[{"start":{"line":262,"column":39},"end":{"line":262,"column":90}},{"start":{"line":262,"column":90},"end":{"line":262,"column":94}}],"line":262},"51":{"loc":{"start":{"line":269,"column":8},"end":{"line":269,"column":null}},"type":"if","locations":[{"start":{"line":269,"column":8},"end":{"line":269,"column":null}},{"start":{},"end":{}}],"line":269},"52":{"loc":{"start":{"line":278,"column":8},"end":{"line":286,"column":null}},"type":"if","locations":[{"start":{"line":278,"column":8},"end":{"line":286,"column":null}},{"start":{"line":282,"column":15},"end":{"line":286,"column":null}}],"line":278},"53":{"loc":{"start":{"line":280,"column":12},"end":{"line":280,"column":null}},"type":"if","locations":[{"start":{"line":280,"column":12},"end":{"line":280,"column":null}},{"start":{},"end":{}}],"line":280},"54":{"loc":{"start":{"line":283,"column":39},"end":{"line":283,"column":89}},"type":"binary-expr","locations":[{"start":{"line":283,"column":39},"end":{"line":283,"column":85}},{"start":{"line":283,"column":85},"end":{"line":283,"column":89}}],"line":283},"55":{"loc":{"start":{"line":291,"column":15},"end":{"line":291,"column":null}},"type":"cond-expr","locations":[{"start":{"line":291,"column":22},"end":{"line":291,"column":41}},{"start":{"line":291,"column":41},"end":{"line":291,"column":null}}],"line":291}},"s":{"0":2,"1":189,"2":0,"3":0,"4":0,"5":0,"6":0,"7":0,"8":0,"9":0,"10":0,"11":0,"12":0,"13":0,"14":0,"15":0,"16":0,"17":0,"18":0,"19":0,"20":0,"21":0,"22":0,"23":0,"24":0,"25":0,"26":0,"27":0,"28":0,"29":0,"30":0,"31":0,"32":0,"33":0,"34":0,"35":0,"36":0,"37":0,"38":0,"39":0,"40":0,"41":0,"42":0,"43":0,"44":0,"45":0,"46":0,"47":0,"48":0,"49":0,"50":0,"51":0,"52":0,"53":0,"54":0,"55":0,"56":0,"57":0,"58":0,"59":0,"60":0,"61":0,"62":0,"63":0,"64":0,"65":0,"66":0,"67":0,"68":0,"69":0,"70":1,"71":1,"72":0,"73":0,"74":0,"75":0,"76":1,"77":1,"78":1,"79":1,"80":1,"81":0,"82":0,"83":0,"84":0,"85":1,"86":1,"87":1,"88":1,"89":1,"90":0,"91":0,"92":0,"93":0,"94":1,"95":1,"96":1,"97":4,"98":4,"99":4,"100":0,"101":0,"102":0,"103":0,"104":0,"105":0,"106":0,"107":0,"108":4,"109":4,"110":1,"111":4,"112":1,"113":3,"114":4,"115":52,"116":52,"117":52,"118":0,"119":0,"120":0,"121":0,"122":52,"123":52,"124":600,"125":52,"126":0,"127":52,"128":52,"129":2,"130":2,"131":2,"132":0,"133":0,"134":0,"135":0,"136":2,"137":2,"138":0,"139":2,"140":0,"141":2,"142":2,"143":10,"144":10,"145":6,"146":6,"147":5,"148":5,"149":5,"150":10,"151":10,"152":8,"153":8,"154":4,"155":4,"156":0,"157":0,"158":0,"159":0,"160":0,"161":0,"162":0,"163":0,"164":0,"165":0,"166":0,"167":0,"168":0,"169":0,"170":0,"171":0,"172":0,"173":0,"174":0,"175":0,"176":0,"177":0,"178":0,"179":0,"180":0,"181":0,"182":0,"183":0,"184":0,"185":106,"186":106,"187":0,"188":0,"189":0,"190":0,"191":106,"192":106,"193":106,"194":6,"195":6},"f":{"0":189,"1":0,"2":0,"3":0,"4":0,"5":0,"6":0,"7":0,"8":0,"9":0,"10":0,"11":0,"12":0,"13":0,"14":0,"15":0,"16":0,"17":0,"18":0,"19":0,"20":0,"21":0,"22":1,"23":1,"24":1,"25":1,"26":1,"27":1,"28":4,"29":0,"30":1,"31":52,"32":600,"33":2,"34":0,"35":10,"36":10,"37":8,"38":4,"39":0,"40":0,"41":0,"42":0,"43":0,"44":0,"45":0,"46":0,"47":106,"48":6},"b":{"0":[189,188],"1":[0,0],"2":[0,0],"3":[0,0],"4":[0,0],"5":[0,0],"6":[0,0],"7":[0,0],"8":[0,0],"9":[0,0],"10":[0,0],"11":[0,0],"12":[0,0],"13":[0,1],"14":[0,0],"15":[1,0],"16":[0,1],"17":[0,0],"18":[1,0],"19":[0,1],"20":[0,0],"21":[1,0],"22":[4,0],"23":[0,4],"24":[0,0],"25":[0,0],"26":[0,0],"27":[4,3],"28":[1,3],"29":[52,50],"30":[0,52],"31":[0,0],"32":[52,4],"33":[0,52],"34":[2,0],"35":[0,2],"36":[0,0],"37":[2,2],"38":[0,2],"39":[6,4],"40":[5,1],"41":[4,6],"42":[3,5],"43":[0,4],"44":[0,0],"45":[0,0],"46":[0,0],"47":[0,0],"48":[0,0],"49":[0,0],"50":[0,0],"51":[0,0],"52":[0,106],"53":[0,0],"54":[106,2],"55":[2,4]},"meta":{"lastBranch":56,"lastFunction":49,"lastStatement":196,"seen":{"s:7:28:293:Infinity":0,"f:12:4:12:40":0,"s:13:8:13:Infinity":1,"b:13:16:13:75:13:75:13:Infinity":0,"f:16:4:16:18":1,"b:17:8:17:Infinity:undefined:undefined:undefined:undefined":1,"s:17:8:17:Infinity":2,"s:17:31:17:Infinity":3,"s:18:22:18:Infinity":4,"b:19:8:19:Infinity:undefined:undefined:undefined:undefined":2,"s:19:8:19:Infinity":5,"s:19:20:19:Infinity":6,"s:20:8:37:Infinity":7,"s:21:27:21:Infinity":8,"b:22:12:22:Infinity:undefined:undefined:undefined:undefined":3,"s:22:12:22:Infinity":9,"b:22:16:22:34:22:34:22:53":4,"s:22:53:22:Infinity":10,"s:24:29:29:Infinity":11,"s:30:12:30:Infinity":12,"b:30:53:30:83:30:79:30:Infinity":5,"s:31:12:31:Infinity":13,"s:32:12:32:Infinity":14,"s:33:12:33:Infinity":15,"s:35:12:35:Infinity":16,"s:36:12:36:Infinity":17,"f:41:4:41:21":2,"s:42:19:42:Infinity":18,"b:43:8:43:Infinity:undefined:undefined:undefined:undefined":6,"s:43:8:43:Infinity":19,"s:43:17:43:Infinity":20,"f:43:24:43:30":3,"s:44:14:44:Infinity":21,"s:45:8:47:Infinity":22,"f:45:29:45:30":4,"s:46:12:46:Infinity":23,"f:46:39:46:46":5,"s:46:46:46:66":24,"f:50:4:50:20":6,"s:51:19:51:Infinity":25,"b:52:8:52:Infinity:undefined:undefined:undefined:undefined":7,"s:52:8:52:Infinity":26,"s:52:17:52:Infinity":27,"f:52:24:52:30":7,"s:53:14:53:Infinity":28,"s:54:8:56:Infinity":29,"f:54:29:54:30":8,"s:55:12:55:Infinity":30,"f:55:39:55:46":9,"s:55:46:55:66":31,"f:59:4:59:21":10,"s:60:19:60:Infinity":32,"b:61:8:61:Infinity:undefined:undefined:undefined:undefined":8,"s:61:8:61:Infinity":33,"s:61:17:61:Infinity":34,"f:61:24:61:30":11,"s:62:14:62:Infinity":35,"s:63:8:65:Infinity":36,"f:63:29:63:30":12,"s:64:12:64:Infinity":37,"f:64:39:64:46":13,"s:64:46:64:71":38,"f:68:4:68:21":14,"s:69:19:69:Infinity":39,"b:70:8:70:Infinity:undefined:undefined:undefined:undefined":9,"s:70:8:70:Infinity":40,"s:70:17:70:Infinity":41,"f:70:24:70:30":15,"s:71:14:71:Infinity":42,"s:72:8:74:Infinity":43,"f:72:29:72:30":16,"s:73:12:73:Infinity":44,"f:73:39:73:46":17,"s:73:46:73:72":45,"f:77:10:77:21":18,"s:78:25:78:Infinity":46,"b:81:8:88:Infinity:undefined:undefined:undefined:undefined":10,"s:81:8:88:Infinity":47,"s:82:12:87:Infinity":48,"f:82:31:82:32":19,"s:83:31:83:Infinity":49,"s:84:16:84:Infinity":50,"f:84:32:84:38":20,"s:84:38:84:Infinity":51,"s:85:16:85:Infinity":52,"s:86:16:86:Infinity":53,"s:90:19:90:Infinity":54,"b:91:8:91:Infinity:undefined:undefined:undefined:undefined":11,"s:91:8:91:Infinity":55,"s:91:17:91:Infinity":56,"s:93:25:93:Infinity":57,"s:94:14:94:Infinity":58,"s:95:25:95:Infinity":59,"s:96:8:96:Infinity":60,"f:100:10:100:22":21,"s:101:25:101:Infinity":61,"s:102:71:102:Infinity":62,"s:104:8:113:Infinity":63,"s:105:12:112:Infinity":64,"s:106:28:106:Infinity":65,"b:107:16:109:Infinity:undefined:undefined:undefined:undefined":12,"s:107:16:109:Infinity":66,"s:108:20:108:Infinity":67,"s:111:16:111:Infinity":68,"s:115:8:115:Infinity":69,"f:118:10:118:23":22,"s:119:25:119:Infinity":70,"b:120:8:127:Infinity:124:15:127:Infinity":13,"s:120:8:127:Infinity":71,"s:121:23:121:Infinity":72,"b:122:12:122:Infinity:undefined:undefined:undefined:undefined":14,"s:122:12:122:Infinity":73,"s:122:21:122:Infinity":74,"s:123:12:123:Infinity":75,"s:125:28:125:Infinity":76,"b:125:39:125:85:125:85:125:89":15,"s:126:12:126:Infinity":77,"f:126:85:126:86":23,"s:126:97:126:108":78,"f:130:10:130:28":24,"s:131:25:131:Infinity":79,"b:132:8:139:Infinity:136:15:139:Infinity":16,"s:132:8:139:Infinity":80,"s:133:23:133:Infinity":81,"b:134:12:134:Infinity:undefined:undefined:undefined:undefined":17,"s:134:12:134:Infinity":82,"s:134:21:134:Infinity":83,"s:135:12:135:Infinity":84,"s:137:28:137:Infinity":85,"b:137:39:137:85:137:85:137:89":18,"s:138:12:138:Infinity":86,"f:138:85:138:86":25,"s:138:97:138:108":87,"f:142:10:142:23":26,"s:143:25:143:Infinity":88,"b:144:8:151:Infinity:148:15:151:Infinity":19,"s:144:8:151:Infinity":89,"s:145:23:145:Infinity":90,"b:146:12:146:Infinity:undefined:undefined:undefined:undefined":20,"s:146:12:146:Infinity":91,"s:146:21:146:Infinity":92,"s:147:12:147:Infinity":93,"s:149:28:149:Infinity":94,"b:149:39:149:84:149:84:149:88":21,"s:150:12:150:Infinity":95,"f:150:84:150:85":27,"s:150:96:150:107":96,"f:154:10:154:23":28,"s:155:25:155:Infinity":97,"s:156:24:156:Infinity":98,"b:156:49:156:70:156:56:156:95":22,"b:157:8:178:Infinity:172:15:178:Infinity":23,"s:157:8:178:Infinity":99,"s:158:23:158:Infinity":100,"b:159:12:159:Infinity:undefined:undefined:undefined:undefined":24,"s:159:12:159:Infinity":101,"s:159:21:159:Infinity":102,"s:160:26:160:Infinity":103,"f:160:58:160:63":29,"s:160:63:160:81":104,"s:161:12:161:Infinity":105,"b:162:12:171:Infinity:undefined:undefined:undefined:undefined":25,"s:162:12:171:Infinity":106,"s:163:16:170:Infinity":107,"b:166:36:166:46:166:46:166:Infinity":26,"s:173:28:173:Infinity":108,"b:173:39:173:85:173:85:173:89":27,"s:174:26:174:Infinity":109,"f:174:44:174:45":30,"s:174:56:174:74":110,"b:175:12:176:Infinity:176:17:176:Infinity":28,"s:175:12:176:Infinity":111,"s:175:28:175:Infinity":112,"s:176:17:176:Infinity":113,"s:177:12:177:Infinity":114,"f:181:10:181:23":31,"s:182:25:182:Infinity":115,"s:183:24:183:Infinity":116,"b:183:47:183:66:183:52:183:91":29,"b:184:8:194:Infinity:188:15:194:Infinity":30,"s:184:8:194:Infinity":117,"s:185:23:185:Infinity":118,"b:186:12:186:Infinity:undefined:undefined:undefined:undefined":31,"s:186:12:186:Infinity":119,"s:186:21:186:Infinity":120,"s:187:12:187:Infinity":121,"s:189:28:189:Infinity":122,"b:189:39:189:84:189:84:189:88":32,"s:190:26:190:Infinity":123,"f:190:44:190:45":32,"s:190:56:190:72":124,"b:191:12:192:Infinity:192:17:192:Infinity":33,"s:191:12:192:Infinity":125,"s:191:28:191:Infinity":126,"s:192:17:192:Infinity":127,"s:193:12:193:Infinity":128,"f:197:10:197:28":33,"s:198:25:198:Infinity":129,"s:199:24:199:Infinity":130,"b:199:47:199:66:199:52:199:91":34,"b:200:8:210:Infinity:204:15:210:Infinity":35,"s:200:8:210:Infinity":131,"s:201:23:201:Infinity":132,"b:202:12:202:Infinity:undefined:undefined:undefined:undefined":36,"s:202:12:202:Infinity":133,"s:202:21:202:Infinity":134,"s:203:12:203:Infinity":135,"s:205:28:205:Infinity":136,"b:205:39:205:85:205:85:205:89":37,"s:206:26:206:Infinity":137,"f:206:44:206:45":34,"s:206:56:206:72":138,"b:207:12:208:Infinity:208:17:208:Infinity":38,"s:207:12:208:Infinity":139,"s:207:28:207:Infinity":140,"s:208:17:208:Infinity":141,"s:209:12:209:Infinity":142,"f:213:10:213:42":35,"s:214:21:214:Infinity":143,"b:215:8:218:Infinity:undefined:undefined:undefined:undefined":39,"s:215:8:218:Infinity":144,"s:216:27:216:Infinity":145,"b:217:12:217:Infinity:undefined:undefined:undefined:undefined":40,"s:217:12:217:Infinity":146,"s:217:35:217:Infinity":147,"s:222:8:222:Infinity":148,"s:223:8:223:Infinity":149,"f:225:10:225:41":36,"s:226:21:226:Infinity":150,"s:227:8:227:Infinity":151,"b:227:22:227:41:227:41:227:Infinity":41,"f:229:10:229:47":37,"s:230:21:230:Infinity":152,"s:231:8:231:Infinity":153,"b:231:22:231:41:231:41:231:Infinity":42,"f:235:10:235:59":38,"s:236:21:236:Infinity":154,"s:237:8:237:Infinity":155,"b:237:22:237:41:237:41:237:Infinity":43,"f:240:10:240:28":39,"s:241:25:241:Infinity":156,"b:242:8:252:Infinity:246:15:252:Infinity":44,"s:242:8:252:Infinity":157,"s:243:23:243:Infinity":158,"b:244:12:244:Infinity:undefined:undefined:undefined:undefined":45,"s:244:12:244:Infinity":159,"s:244:21:244:Infinity":160,"s:245:12:245:Infinity":161,"s:247:28:247:Infinity":162,"b:247:39:247:90:247:90:247:94":46,"s:248:26:248:Infinity":163,"f:248:44:248:45":40,"s:248:56:248:75":164,"b:249:12:250:Infinity:250:17:250:Infinity":47,"s:249:12:250:Infinity":165,"s:249:28:249:Infinity":166,"s:250:17:250:Infinity":167,"s:251:12:251:Infinity":168,"f:255:10:255:28":41,"s:256:25:256:Infinity":169,"b:257:8:264:Infinity:261:15:264:Infinity":48,"s:257:8:264:Infinity":170,"s:258:23:258:Infinity":171,"b:259:12:259:Infinity:undefined:undefined:undefined:undefined":49,"s:259:12:259:Infinity":172,"s:259:21:259:Infinity":173,"s:260:12:260:Infinity":174,"s:262:28:262:Infinity":175,"b:262:39:262:90:262:90:262:94":50,"s:263:12:263:Infinity":176,"f:263:90:263:91":42,"s:263:102:263:113":177,"f:267:4:267:26":43,"s:268:19:268:Infinity":178,"b:269:8:269:Infinity:undefined:undefined:undefined:undefined":51,"s:269:8:269:Infinity":179,"s:269:17:269:Infinity":180,"f:269:24:269:30":44,"s:270:14:270:Infinity":181,"s:271:8:273:Infinity":182,"f:271:29:271:30":45,"s:272:12:272:Infinity":183,"f:272:39:272:46":46,"s:272:46:272:78":184,"f:276:10:276:26":47,"s:277:25:277:Infinity":185,"b:278:8:286:Infinity:282:15:286:Infinity":52,"s:278:8:286:Infinity":186,"s:279:23:279:Infinity":187,"b:280:12:280:Infinity:undefined:undefined:undefined:undefined":53,"s:280:12:280:Infinity":188,"s:280:21:280:Infinity":189,"s:281:12:281:Infinity":190,"s:283:28:283:Infinity":191,"b:283:39:283:85:283:85:283:89":54,"s:284:12:284:Infinity":192,"s:285:12:285:Infinity":193,"f:289:10:289:48":48,"s:290:21:290:Infinity":194,"s:291:8:291:Infinity":195,"b:291:22:291:41:291:41:291:Infinity":55}}}
}
